This is pdfTeX, Version 3.14159265-2.6-1.40.18 (MiKTeX 2.9.6350 64-bit) (preloaded format=pdflatex 2017.6.13)  13 JUN 2017 15:31
entering extended mode
**"C:/Users/JoaoNeto/Desktop/1_Relatorio/3_TemplRelatLaTex (2)/MscReport/chapte
r4.tex"

("C:/Users/JoaoNeto/Desktop/1_Relatorio/3_TemplRelatLaTex (2)/MscReport/chapter
4.tex"
LaTeX2e <2017-04-15>
Babel <3.10> and hyphenation patterns for 75 language(s) loaded.
! Undefined control sequence.
l.1 \chapter
            {Implementa√ß√£o}\label{chap:chap4}
The control sequence at the end of the top line
of your error message was never \def'ed. If you have
misspelled it (e.g., `\hobx'), type `I' and the correct
spelling (e.g., `I\hbox'). Otherwise just continue,
and I'll forget about whatever was undefined.


! LaTeX Error: Missing \begin{document}.

See the LaTeX manual or LaTeX Companion for explanation.
Type  H <return>  for immediate help.
 ...                                              
                                                  
l.1 \chapter{I
              mplementa√ß√£o}\label{chap:chap4}
You're in trouble here.  Try typing  <return>  to proceed.
If that doesn't work, type  X <return>  to quit.

Missing character: There is no I in font nullfont!
Missing character: There is no m in font nullfont!
Missing character: There is no p in font nullfont!
Missing character: There is no l in font nullfont!
Missing character: There is no e in font nullfont!
Missing character: There is no m in font nullfont!
Missing character: There is no e in font nullfont!
Missing character: There is no n in font nullfont!
Missing character: There is no t in font nullfont!
Missing character: There is no a in font nullfont!
Missing character: There is no √ in font nullfont!
Missing character: There is no ß in font nullfont!
Missing character: There is no √ in font nullfont!
Missing character: There is no £ in font nullfont!
Missing character: There is no o in font nullfont!

Overfull \hbox (20.0pt too wide) in paragraph at lines 1--2
[][] 
 []

! Undefined control sequence.
l.3 \section
            *{}
The control sequence at the end of the top line
of your error message was never \def'ed. If you have
misspelled it (e.g., `\hobx'), type `I' and the correct
spelling (e.g., `I\hbox'). Otherwise just continue,
and I'll forget about whatever was undefined.


! LaTeX Error: Missing \begin{document}.

See the LaTeX manual or LaTeX Companion for explanation.
Type  H <return>  for immediate help.
 ...                                              
                                                  
l.3 \section*
             {}
You're in trouble here.  Try typing  <return>  to proceed.
If that doesn't work, type  X <return>  to quit.

Missing character: There is no * in font nullfont!
Runaway argument?
{ Este cap√≠tulo pode ser dedicado √† apresenta√ß√£o de detalhes de n\ETC.
! Paragraph ended before \text@command was complete.
<to be read again> 
                   \par 
l.13 }
      
I suspect you've forgotten a `}', causing me to apply this
control sequence to too much text. How can we recover?
My plan is to forget the whole thing and hope for the best.


Overfull \hbox (20.0pt too wide) in paragraph at lines 3--13
[] 
 []


! LaTeX Error: Missing \begin{document}.

See the LaTeX manual or LaTeX Companion for explanation.
Type  H <return>  for immediate help.
 ...                                              
                                                  
l.13 }
      
You're in trouble here.  Try typing  <return>  to proceed.
If that doesn't work, type  X <return>  to quit.

Missing character: There is no D in font nullfont!
Missing character: There is no e in font nullfont!
Missing character: There is no p in font nullfont!
Missing character: There is no e in font nullfont!
Missing character: There is no n in font nullfont!
Missing character: There is no d in font nullfont!
Missing character: There is no e in font nullfont!
Missing character: There is no n in font nullfont!
Missing character: There is no d in font nullfont!
Missing character: There is no o in font nullfont!
Missing character: There is no d in font nullfont!
Missing character: There is no o in font nullfont!
Missing character: There is no v in font nullfont!
Missing character: There is no o in font nullfont!
Missing character: There is no l in font nullfont!
Missing character: There is no u in font nullfont!
Missing character: There is no m in font nullfont!
Missing character: There is no e in font nullfont!
Missing character: There is no , in font nullfont!
Missing character: There is no a in font nullfont!
Missing character: There is no a in font nullfont!
Missing character: There is no v in font nullfont!
Missing character: There is no a in font nullfont!
Missing character: There is no l in font nullfont!
Missing character: There is no i in font nullfont!
Missing character: There is no a in font nullfont!
Missing character: There is no √ in font nullfont!
Missing character: There is no ß in font nullfont!
Missing character: There is no √ in font nullfont!
Missing character: There is no £ in font nullfont!
Missing character: There is no o in font nullfont!
Missing character: There is no d in font nullfont!
Missing character: There is no o in font nullfont!
Missing character: There is no t in font nullfont!
Missing character: There is no r in font nullfont!
Missing character: There is no a in font nullfont!
Missing character: There is no b in font nullfont!
Missing character: There is no a in font nullfont!
Missing character: There is no l in font nullfont!
Missing character: There is no h in font nullfont!
Missing character: There is no o in font nullfont!
Missing character: There is no p in font nullfont!
Missing character: There is no o in font nullfont!
Missing character: There is no d in font nullfont!
Missing character: There is no e in font nullfont!
Missing character: There is no s in font nullfont!
Missing character: There is no e in font nullfont!
Missing character: There is no r in font nullfont!
Missing character: There is no i in font nullfont!
Missing character: There is no n in font nullfont!
Missing character: There is no c in font nullfont!
Missing character: There is no l in font nullfont!
Missing character: There is no u in font nullfont!
Missing character: There is no √ in font nullfont!
Missing character: There is no ≠ in font nullfont!
Missing character: There is no d in font nullfont!
Missing character: There is no a in font nullfont!
Missing character: There is no n in font nullfont!
Missing character: There is no e in font nullfont!
Missing character: There is no s in font nullfont!
Missing character: There is no t in font nullfont!
Missing character: There is no e in font nullfont!
Missing character: There is no c in font nullfont!
Missing character: There is no a in font nullfont!
Missing character: There is no p in font nullfont!
Missing character: There is no √ in font nullfont!
Missing character: There is no ≠ in font nullfont!
Missing character: There is no t in font nullfont!
Missing character: There is no u in font nullfont!
Missing character: There is no l in font nullfont!
Missing character: There is no o in font nullfont!
Missing character: There is no o in font nullfont!
Missing character: There is no u in font nullfont!
Missing character: There is no p in font nullfont!
Missing character: There is no o in font nullfont!
Missing character: There is no d in font nullfont!
Missing character: There is no e in font nullfont!
Missing character: There is no c in font nullfont!
Missing character: There is no o in font nullfont!
Missing character: There is no n in font nullfont!
Missing character: There is no s in font nullfont!
Missing character: There is no t in font nullfont!
Missing character: There is no i in font nullfont!
Missing character: There is no t in font nullfont!
Missing character: There is no u in font nullfont!
Missing character: There is no i in font nullfont!
Missing character: There is no r in font nullfont!
Missing character: There is no u in font nullfont!
Missing character: There is no m in font nullfont!
Missing character: There is no c in font nullfont!
Missing character: There is no a in font nullfont!
Missing character: There is no p in font nullfont!
Missing character: There is no √ in font nullfont!
Missing character: There is no ≠ in font nullfont!
Missing character: There is no t in font nullfont!
Missing character: There is no u in font nullfont!
Missing character: There is no l in font nullfont!
Missing character: There is no o in font nullfont!
Missing character: There is no s in font nullfont!
Missing character: There is no e in font nullfont!
Missing character: There is no p in font nullfont!
Missing character: There is no a in font nullfont!
Missing character: There is no r in font nullfont!
Missing character: There is no a in font nullfont!
Missing character: There is no d in font nullfont!
Missing character: There is no o in font nullfont!
Missing character: There is no . in font nullfont!
Missing character: There is no √ in font cmti10!
Missing character: There is no ≠ in font cmti10!
Missing character: There is no √ in font cmti10!
Missing character: There is no † in font cmti10!
Missing character: There is no √ in font cmti10!
Missing character: There is no ß in font cmti10!
Missing character: There is no √ in font cmti10!
Missing character: There is no £ in font cmti10!
Missing character: There is no √ in font cmti10!
Missing character: There is no ≠ in font cmti10!
Missing character: There is no √ in font cmti10!
Missing character: There is no ß in font cmti10!
Missing character: There is no √ in font cmti10!
Missing character: There is no £ in font cmti10!
Missing character: There is no √ in font cmti10!
Missing character: There is no ß in font cmti10!
Missing character: There is no √ in font cmti10!
Missing character: There is no µ in font cmti10!
Missing character: There is no √ in font cmti10!
Missing character: There is no ≠ in font cmti10!
Missing character: There is no √ in font cmti10!
Missing character: There is no ° in font cmti10!
Missing character: There is no √ in font cmti10!
Missing character: There is no † in font cmti10!
Missing character: There is no √ in font cmti10!
Missing character: There is no £ in font cmti10!

Overfull \hbox (20.0pt too wide) in paragraph at lines 13--13
[]
 []


Overfull \hbox (18.79431pt too wide) in paragraph at lines 13--13
\OT1/cmr/m/it/10 Este
 []


Overfull \hbox (17.88875pt too wide) in paragraph at lines 13--13
\OT1/cmr/m/it/10 cap-
 []


Overfull \hbox (16.35545pt too wide) in paragraph at lines 13--13
\OT1/cmr/m/it/10 tulo
 []


Overfull \hbox (18.91096pt too wide) in paragraph at lines 13--13
\OT1/cmr/m/it/10 pode
 []


Overfull \hbox (12.90546pt too wide) in paragraph at lines 13--13
\OT1/cmr/m/it/10 ser
 []


Overfull \hbox (17.88875pt too wide) in paragraph at lines 13--13
\OT1/cmr/m/it/10 ded-
 []


Overfull \hbox (6.6444pt too wide) in paragraph at lines 13--13
\OT1/cmr/m/it/10 i-
 []


Overfull \hbox (19.42209pt too wide) in paragraph at lines 13--13
\OT1/cmr/m/it/10 cado
 []


Overfull \hbox (13.79991pt too wide) in paragraph at lines 13--13
\OT1/cmr/m/it/10 ap-
 []


Overfull \hbox (11.88321pt too wide) in paragraph at lines 13--13
\OT1/cmr/m/it/10 re-
 []


Overfull \hbox (17.88876pt too wide) in paragraph at lines 13--13
\OT1/cmr/m/it/10 sen-
 []


Overfull \hbox (13.54436pt too wide) in paragraph at lines 13--13
\OT1/cmr/m/it/10 tao
 []


Overfull \hbox (9.71104pt too wide) in paragraph at lines 13--13
\OT1/cmr/m/it/10 de
 []


Overfull \hbox (13.28879pt too wide) in paragraph at lines 13--13
\OT1/cmr/m/it/10 de-
 []


Overfull \hbox (14.56656pt too wide) in paragraph at lines 13--13
\OT1/cmr/m/it/10 tal-
 []


Overfull \hbox (13.79991pt too wide) in paragraph at lines 13--13
\OT1/cmr/m/it/10 hes
 []


Overfull \hbox (9.71104pt too wide) in paragraph at lines 13--13
\OT1/cmr/m/it/10 de
 []


Overfull \hbox (17.37766pt too wide) in paragraph at lines 13--13
\OT1/cmr/m/it/10 nvel
 []


Overfull \hbox (20.44434pt too wide) in paragraph at lines 13--13
\OT1/cmr/m/it/10 mais
 []


Overfull \hbox (22.01653pt too wide) in paragraph at lines 13--13
\OT1/cmr/m/it/10 baixo
 []


Overfull \hbox (19.54984pt too wide) in paragraph at lines 13--13
\OT1/cmr/m/it/10 rela-
 []


Overfull \hbox (27.08871pt too wide) in paragraph at lines 13--13
\OT1/cmr/m/it/10 ciona-
 []


Overfull \hbox (14.31104pt too wide) in paragraph at lines 13--13
\OT1/cmr/m/it/10 dos
 []


Overfull \hbox (17.37766pt too wide) in paragraph at lines 13--13
\OT1/cmr/m/it/10 com
 []


Overfull \hbox (5.11108pt too wide) in paragraph at lines 13--13
\OT1/cmr/m/it/10 o
 []


Overfull \hbox (13.7999pt too wide) in paragraph at lines 13--13
\OT1/cmr/m/it/10 en-
 []


Overfull \hbox (32.5831pt too wide) in paragraph at lines 13--13
\OT1/cmr/m/it/10 quadra-
 []


Overfull \hbox (26.83316pt too wide) in paragraph at lines 13--13
\OT1/cmr/m/it/10 mento
 []


Overfull \hbox (4.59996pt too wide) in paragraph at lines 13--13
\OT1/cmr/m/it/10 e
 []


Overfull \hbox (14.82213pt too wide) in paragraph at lines 13--13
\OT1/cmr/m/it/10 im-
 []


Overfull \hbox (15.84433pt too wide) in paragraph at lines 13--13
\OT1/cmr/m/it/10 ple-
 []


Overfull \hbox (21.97763pt too wide) in paragraph at lines 13--13
\OT1/cmr/m/it/10 men-
 []


Overfull \hbox (13.54436pt too wide) in paragraph at lines 13--13
\OT1/cmr/m/it/10 tao
 []


Overfull \hbox (14.31104pt too wide) in paragraph at lines 13--13
\OT1/cmr/m/it/10 das
 []


Overfull \hbox (25.81096pt too wide) in paragraph at lines 13--13
\OT1/cmr/m/it/10 solues
 []


Overfull \hbox (16.9943pt too wide) in paragraph at lines 13--13
\OT1/cmr/m/it/10 pre-
 []


Overfull \hbox (41.39975pt too wide) in paragraph at lines 13--13
\OT1/cmr/m/it/10 conizadas
 []


Overfull \hbox (10.73328pt too wide) in paragraph at lines 13--13
\OT1/cmr/m/it/10 no
 []


Overfull \hbox (17.88875pt too wide) in paragraph at lines 13--13
\OT1/cmr/m/it/10 cap-
 []


Overfull \hbox (16.35545pt too wide) in paragraph at lines 13--13
\OT1/cmr/m/it/10 tulo
 []


Overfull \hbox (14.31102pt too wide) in paragraph at lines 13--13
\OT1/cmr/m/it/10 an-
 []


Overfull \hbox (11.4999pt too wide) in paragraph at lines 13--13
\OT1/cmr/m/it/10 te-
 []


Overfull \hbox (19.67764pt too wide) in paragraph at lines 13--13
\OT1/cmr/m/it/10 rior.
 []


Overfull \hbox (24.04427pt too wide) in paragraph at lines 13--13
\OT1/cmr/m/it/10 Note-
 []


Overfull \hbox (8.68883pt too wide) in paragraph at lines 13--13
\OT1/cmr/m/it/10 se
 []


Overfull \hbox (10.73328pt too wide) in paragraph at lines 13--13
\OT1/cmr/m/it/10 no
 []


Overfull \hbox (13.7999pt too wide) in paragraph at lines 13--13
\OT1/cmr/m/it/10 en-
 []


Overfull \hbox (22.48874pt too wide) in paragraph at lines 13--13
\OT1/cmr/m/it/10 tanto
 []


Overfull \hbox (14.56656pt too wide) in paragraph at lines 13--13
\OT1/cmr/m/it/10 que
 []


Overfull \hbox (13.28879pt too wide) in paragraph at lines 13--13
\OT1/cmr/m/it/10 de-
 []


Overfull \hbox (14.56656pt too wide) in paragraph at lines 13--13
\OT1/cmr/m/it/10 tal-
 []


Overfull \hbox (13.79991pt too wide) in paragraph at lines 13--13
\OT1/cmr/m/it/10 hes
 []


Overfull \hbox (43.95522pt too wide) in paragraph at lines 13--13
\OT1/cmr/m/it/10 desnecess-
 []


Overfull \hbox (16.48323pt too wide) in paragraph at lines 13--13
\OT1/cmr/m/it/10 rios
 []


Overfull \hbox (20.9554pt too wide) in paragraph at lines 13--13
\OT1/cmr/m/it/10 com-
 []


Overfull \hbox (32.32753pt too wide) in paragraph at lines 13--13
\OT1/cmr/m/it/10 preenso
 []


Overfull \hbox (10.22217pt too wide) in paragraph at lines 13--13
\OT1/cmr/m/it/10 do
 []


Overfull \hbox (15.71652pt too wide) in paragraph at lines 13--13
\OT1/cmr/m/it/10 tra-
 []


Overfull \hbox (21.97763pt too wide) in paragraph at lines 13--13
\OT1/cmr/m/it/10 balho
 []


Overfull \hbox (13.28879pt too wide) in paragraph at lines 13--13
\OT1/cmr/m/it/10 de-
 []


Overfull \hbox (17.37766pt too wide) in paragraph at lines 13--13
\OT1/cmr/m/it/10 vem
 []


Overfull \hbox (12.90546pt too wide) in paragraph at lines 13--13
\OT1/cmr/m/it/10 ser
 []


Overfull \hbox (31.04974pt too wide) in paragraph at lines 13--13
\OT1/cmr/m/it/10 remeti-
 []


Overfull \hbox (14.31104pt too wide) in paragraph at lines 13--13
\OT1/cmr/m/it/10 dos
 []


Overfull \hbox (18.52763pt too wide) in paragraph at lines 13--13
\OT1/cmr/m/it/10 para
 []


Overfull \hbox (32.23871pt too wide) in paragraph at lines 13--13
\OT1/cmr/m/it/10 anexos. 
 []


! LaTeX Error: Missing \begin{document}.

See the LaTeX manual or LaTeX Companion for explanation.
Type  H <return>  for immediate help.
 ...                                              
                                                  
l.13 }
      
You're in trouble here.  Try typing  <return>  to proceed.
If that doesn't work, type  X <return>  to quit.

Missing character: There is no √ in font cmti10!
Missing character: There is no ß in font cmti10!
Missing character: There is no √ in font cmti10!
Missing character: There is no £ in font cmti10!
Missing character: There is no √ in font cmti10!
Missing character: There is no ≠ in font cmti10!
Missing character: There is no √ in font cmti10!
Missing character: There is no ≠ in font cmti10!
Missing character: There is no √ in font cmti10!
Missing character: There is no ≠ in font cmti10!
! Too many }'s.
<recently read> \egroup 
                        
l.13 }
      
You've closed more groups than you opened.
Such booboos are generally harmless, so keep going.


Overfull \hbox (72.52742pt too wide) in paragraph at lines 13--14
[]\OT1/cmr/m/it/10 Dependendo
 []


Overfull \hbox (10.22217pt too wide) in paragraph at lines 13--14
\OT1/cmr/m/it/10 do
 []


Overfull \hbox (15.84433pt too wide) in paragraph at lines 13--14
\OT1/cmr/m/it/10 vol-
 []


Overfull \hbox (21.21098pt too wide) in paragraph at lines 13--14
\OT1/cmr/m/it/10 ume,
 []


Overfull \hbox (5.11108pt too wide) in paragraph at lines 13--14
\OT1/cmr/m/it/10 a
 []


Overfull \hbox (30.66649pt too wide) in paragraph at lines 13--14
\OT1/cmr/m/it/10 avaliao
 []


Overfull \hbox (10.22217pt too wide) in paragraph at lines 13--14
\OT1/cmr/m/it/10 do
 []


Overfull \hbox (15.71652pt too wide) in paragraph at lines 13--14
\OT1/cmr/m/it/10 tra-
 []


Overfull \hbox (21.97763pt too wide) in paragraph at lines 13--14
\OT1/cmr/m/it/10 balho
 []


Overfull \hbox (18.91096pt too wide) in paragraph at lines 13--14
\OT1/cmr/m/it/10 pode
 []


Overfull \hbox (12.90546pt too wide) in paragraph at lines 13--14
\OT1/cmr/m/it/10 ser
 []


Overfull \hbox (12.26659pt too wide) in paragraph at lines 13--14
\OT1/cmr/m/it/10 in-
 []


Overfull \hbox (22.74431pt too wide) in paragraph at lines 13--14
\OT1/cmr/m/it/10 cluda
 []


Overfull \hbox (22.23317pt too wide) in paragraph at lines 13--14
\OT1/cmr/m/it/10 neste
 []


Overfull \hbox (17.88875pt too wide) in paragraph at lines 13--14
\OT1/cmr/m/it/10 cap-
 []


Overfull \hbox (16.35545pt too wide) in paragraph at lines 13--14
\OT1/cmr/m/it/10 tulo
 []


Overfull \hbox (10.47772pt too wide) in paragraph at lines 13--14
\OT1/cmr/m/it/10 ou
 []


Overfull \hbox (18.91096pt too wide) in paragraph at lines 13--14
\OT1/cmr/m/it/10 pode
 []


Overfull \hbox (18.39986pt too wide) in paragraph at lines 13--14
\OT1/cmr/m/it/10 con-
 []


Overfull \hbox (14.05545pt too wide) in paragraph at lines 13--14
\OT1/cmr/m/it/10 sti-
 []


Overfull \hbox (15.9721pt too wide) in paragraph at lines 13--14
\OT1/cmr/m/it/10 tuir
 []


Overfull \hbox (13.54437pt too wide) in paragraph at lines 13--14
\OT1/cmr/m/it/10 um
 []


Overfull \hbox (17.88875pt too wide) in paragraph at lines 13--14
\OT1/cmr/m/it/10 cap-
 []


Overfull \hbox (16.35545pt too wide) in paragraph at lines 13--14
\OT1/cmr/m/it/10 tulo
 []


Overfull \hbox (17.37766pt too wide) in paragraph at lines 13--14
\OT1/cmr/m/it/10 sep-
 []


Overfull \hbox (8.68883pt too wide) in paragraph at lines 13--14
\OT1/cmr/m/it/10 a-
 []


Overfull \hbox (22.10541pt too wide) in paragraph at lines 13--14
\OT1/cmr/m/it/10 rado.
 []

! Undefined control sequence.
l.15 \section
             {Sec√ß√£o Exemplo}
The control sequence at the end of the top line
of your error message was never \def'ed. If you have
misspelled it (e.g., `\hobx'), type `I' and the correct
spelling (e.g., `I\hbox'). Otherwise just continue,
and I'll forget about whatever was undefined.


! LaTeX Error: Missing \begin{document}.

See the LaTeX manual or LaTeX Companion for explanation.
Type  H <return>  for immediate help.
 ...                                              
                                                  
l.15 \section{S
               ec√ß√£o Exemplo}
You're in trouble here.  Try typing  <return>  to proceed.
If that doesn't work, type  X <return>  to quit.

Missing character: There is no √ in font cmti10!
Missing character: There is no ß in font cmti10!
Missing character: There is no √ in font cmti10!
Missing character: There is no £ in font cmti10!

Overfull \hbox (39.42207pt too wide) in paragraph at lines 15--16
[]\OT1/cmr/m/it/10 Seco
 []


Overfull \hbox (14.99991pt too wide) in paragraph at lines 15--16
\OT1/cmr/m/it/10 Ex-
 []


Overfull \hbox (16.35544pt too wide) in paragraph at lines 15--16
\OT1/cmr/m/it/10 em-
 []


Overfull \hbox (12.77771pt too wide) in paragraph at lines 15--16
\OT1/cmr/m/it/10 plo 
 []


! LaTeX Error: Missing \begin{document}.

See the LaTeX manual or LaTeX Companion for explanation.
Type  H <return>  for immediate help.
 ...                                              
                                                  
l.19 L
      orem ipsum dolor sit amet, consectetuer adipiscing elit. Integer
You're in trouble here.  Try typing  <return>  to proceed.
If that doesn't work, type  X <return>  to quit.


Overfull \hbox (47.35533pt too wide) in paragraph at lines 19--36
[]\OT1/cmr/m/it/10 Lorem
 []


Overfull \hbox (11.75548pt too wide) in paragraph at lines 19--36
\OT1/cmr/m/it/10 ip-
 []


Overfull \hbox (17.63324pt too wide) in paragraph at lines 19--36
\OT1/cmr/m/it/10 sum
 []


Overfull \hbox (13.79991pt too wide) in paragraph at lines 19--36
\OT1/cmr/m/it/10 do-
 []


Overfull \hbox (11.88326pt too wide) in paragraph at lines 19--36
\OT1/cmr/m/it/10 lor
 []


Overfull \hbox (10.4777pt too wide) in paragraph at lines 19--36
\OT1/cmr/m/it/10 sit
 []


Overfull \hbox (24.27762pt too wide) in paragraph at lines 19--36
\OT1/cmr/m/it/10 amet,
 []


Overfull \hbox (18.39986pt too wide) in paragraph at lines 19--36
\OT1/cmr/m/it/10 con-
 []


Overfull \hbox (38.20523pt too wide) in paragraph at lines 19--36
\OT1/cmr/m/it/10 sectetuer
 []


Overfull \hbox (21.97765pt too wide) in paragraph at lines 19--36
\OT1/cmr/m/it/10 adip-
 []


Overfull \hbox (15.33322pt too wide) in paragraph at lines 19--36
\OT1/cmr/m/it/10 isc-
 []


Overfull \hbox (13.2888pt too wide) in paragraph at lines 19--36
\OT1/cmr/m/it/10 ing
 []


Overfull \hbox (16.611pt too wide) in paragraph at lines 19--36
\OT1/cmr/m/it/10 elit.
 []


Overfull \hbox (13.05547pt too wide) in paragraph at lines 19--36
\OT1/cmr/m/it/10 In-
 []


Overfull \hbox (11.4999pt too wide) in paragraph at lines 19--36
\OT1/cmr/m/it/10 te-
 []


Overfull \hbox (13.41655pt too wide) in paragraph at lines 19--36
\OT1/cmr/m/it/10 ger
 []


Overfull \hbox (18.91098pt too wide) in paragraph at lines 19--36
\OT1/cmr/m/it/10 hen-
 []


Overfull \hbox (24.02202pt too wide) in paragraph at lines 19--36
\OT1/cmr/m/it/10 drerit
 []


Overfull \hbox (20.9554pt too wide) in paragraph at lines 19--36
\OT1/cmr/m/it/10 com-
 []


Overfull \hbox (22.99986pt too wide) in paragraph at lines 19--36
\OT1/cmr/m/it/10 modo
 []


Overfull \hbox (21.72208pt too wide) in paragraph at lines 19--36
\OT1/cmr/m/it/10 ante.
 []


Overfull \hbox (17.51654pt too wide) in paragraph at lines 19--36
\OT1/cmr/m/it/10 Pel-
 []


Overfull \hbox (16.35544pt too wide) in paragraph at lines 19--36
\OT1/cmr/m/it/10 len-
 []


Overfull \hbox (26.57758pt too wide) in paragraph at lines 19--36
\OT1/cmr/m/it/10 tesque
 []


Overfull \hbox (18.39989pt too wide) in paragraph at lines 19--36
\OT1/cmr/m/it/10 nibh
 []


Overfull \hbox (26.19423pt too wide) in paragraph at lines 19--36
\OT1/cmr/m/it/10 libero,
 []


Overfull \hbox (14.31102pt too wide) in paragraph at lines 19--36
\OT1/cmr/m/it/10 ali-
 []


Overfull \hbox (23.25542pt too wide) in paragraph at lines 19--36
\OT1/cmr/m/it/10 quam
 []


Overfull \hbox (11.49992pt too wide) in paragraph at lines 19--36
\OT1/cmr/m/it/10 at,
 []


Overfull \hbox (17.12212pt too wide) in paragraph at lines 19--36
\OT1/cmr/m/it/10 fau-
 []


Overfull \hbox (21.72208pt too wide) in paragraph at lines 19--36
\OT1/cmr/m/it/10 cibus
 []


Overfull \hbox (11.24438pt too wide) in paragraph at lines 19--36
\OT1/cmr/m/it/10 id,
 []


Overfull \hbox (20.9554pt too wide) in paragraph at lines 19--36
\OT1/cmr/m/it/10 com-
 []


Overfull \hbox (22.99986pt too wide) in paragraph at lines 19--36
\OT1/cmr/m/it/10 modo
 []


Overfull \hbox (8.17773pt too wide) in paragraph at lines 19--36
\OT1/cmr/m/it/10 a,
 []


Overfull \hbox (21.21095pt too wide) in paragraph at lines 19--36
\OT1/cmr/m/it/10 velit.
 []


Overfull \hbox (20.0721pt too wide) in paragraph at lines 19--36
\OT1/cmr/m/it/10 Duis
 []


Overfull \hbox (33.222pt too wide) in paragraph at lines 19--36
\OT1/cmr/m/it/10 eleifend
 []


Overfull \hbox (16.86656pt too wide) in paragraph at lines 19--36
\OT1/cmr/m/it/10 sem
 []


Overfull \hbox (16.61095pt too wide) in paragraph at lines 19--36
\OT1/cmr/m/it/10 eget
 []


Overfull \hbox (14.82211pt too wide) in paragraph at lines 19--36
\OT1/cmr/m/it/10 leo.
 []


Overfull \hbox (25.96094pt too wide) in paragraph at lines 19--36
\OT1/cmr/m/it/10 Morbi
 []


Overfull \hbox (8.68884pt too wide) in paragraph at lines 19--36
\OT1/cmr/m/it/10 in
 []


Overfull \hbox (15.07767pt too wide) in paragraph at lines 19--36
\OT1/cmr/m/it/10 est.
 []


Overfull \hbox (18.65544pt too wide) in paragraph at lines 19--36
\OT1/cmr/m/it/10 Sus-
 []


Overfull \hbox (35.77754pt too wide) in paragraph at lines 19--36
\OT1/cmr/m/it/10 pendisse
 []


Overfull \hbox (28.62206pt too wide) in paragraph at lines 19--36
\OT1/cmr/m/it/10 magna
 []


Overfull \hbox (19.93321pt too wide) in paragraph at lines 19--36
\OT1/cmr/m/it/10 sem,
 []


Overfull \hbox (17.50542pt too wide) in paragraph at lines 19--36
\OT1/cmr/m/it/10 var-
 []


Overfull \hbox (12.52216pt too wide) in paragraph at lines 19--36
\OT1/cmr/m/it/10 ius
 []


Overfull \hbox (17.37764pt too wide) in paragraph at lines 19--36
\OT1/cmr/m/it/10 nec,
 []


Overfull \hbox (18.91098pt too wide) in paragraph at lines 19--36
\OT1/cmr/m/it/10 hen-
 []


Overfull \hbox (24.02202pt too wide) in paragraph at lines 19--36
\OT1/cmr/m/it/10 drerit
 []


Overfull \hbox (19.42212pt too wide) in paragraph at lines 19--36
\OT1/cmr/m/it/10 non,
 []


Overfull \hbox (15.58878pt too wide) in paragraph at lines 19--36
\OT1/cmr/m/it/10 tin-
 []


Overfull \hbox (27.08871pt too wide) in paragraph at lines 19--36
\OT1/cmr/m/it/10 cidunt
 []


Overfull \hbox (20.18877pt too wide) in paragraph at lines 19--36
\OT1/cmr/m/it/10 quis,
 []


Overfull \hbox (26.32207pt too wide) in paragraph at lines 19--36
\OT1/cmr/m/it/10 quam.
 []


Overfull \hbox (15.09987pt too wide) in paragraph at lines 19--36
\OT1/cmr/m/it/10 Ae-
 []


Overfull \hbox (20.4443pt too wide) in paragraph at lines 19--36
\OT1/cmr/m/it/10 nean
 []


Overfull \hbox (32.45532pt too wide) in paragraph at lines 19--36
\OT1/cmr/m/it/10 congue.
 []


Overfull \hbox (14.07768pt too wide) in paragraph at lines 19--36
\OT1/cmr/m/it/10 Vi-
 []


Overfull \hbox (13.28879pt too wide) in paragraph at lines 19--36
\OT1/cmr/m/it/10 va-
 []


Overfull \hbox (17.63324pt too wide) in paragraph at lines 19--36
\OT1/cmr/m/it/10 mus
 []


Overfull \hbox (11.75546pt too wide) in paragraph at lines 19--36
\OT1/cmr/m/it/10 vel
 []


Overfull \hbox (12.01102pt too wide) in paragraph at lines 19--36
\OT1/cmr/m/it/10 est
 []


Overfull \hbox (10.4777pt too wide) in paragraph at lines 19--36
\OT1/cmr/m/it/10 sit
 []


Overfull \hbox (21.21097pt too wide) in paragraph at lines 19--36
\OT1/cmr/m/it/10 amet
 []


Overfull \hbox (16.86656pt too wide) in paragraph at lines 19--36
\OT1/cmr/m/it/10 sem
 []


Overfull \hbox (11.75548pt too wide) in paragraph at lines 19--36
\OT1/cmr/m/it/10 ia-
 []


Overfull \hbox (8.1777pt too wide) in paragraph at lines 19--36
\OT1/cmr/m/it/10 c-
 []


Overfull \hbox (15.0777pt too wide) in paragraph at lines 19--36
\OT1/cmr/m/it/10 ulis
 []


Overfull \hbox (13.28879pt too wide) in paragraph at lines 19--36
\OT1/cmr/m/it/10 po-
 []


Overfull \hbox (25.42758pt too wide) in paragraph at lines 19--36
\OT1/cmr/m/it/10 suere.
 []


Overfull \hbox (20.06096pt too wide) in paragraph at lines 19--36
\OT1/cmr/m/it/10 Cras
 []


Overfull \hbox (19.4221pt too wide) in paragraph at lines 19--36
\OT1/cmr/m/it/10 mol-
 []


Overfull \hbox (12.77771pt too wide) in paragraph at lines 19--36
\OT1/cmr/m/it/10 lis,
 []


Overfull \hbox (21.46654pt too wide) in paragraph at lines 19--36
\OT1/cmr/m/it/10 enim
 []


Overfull \hbox (11.75546pt too wide) in paragraph at lines 19--36
\OT1/cmr/m/it/10 vel
 []


Overfull \hbox (31.30533pt too wide) in paragraph at lines 19--36
\OT1/cmr/m/it/10 gravida
 []


Overfull \hbox (14.31102pt too wide) in paragraph at lines 19--36
\OT1/cmr/m/it/10 ali-
 []


Overfull \hbox (26.32207pt too wide) in paragraph at lines 19--36
\OT1/cmr/m/it/10 quam,
 []


Overfull \hbox (23.12758pt too wide) in paragraph at lines 19--36
\OT1/cmr/m/it/10 libero
 []


Overfull \hbox (21.21098pt too wide) in paragraph at lines 19--36
\OT1/cmr/m/it/10 nunc
 []


Overfull \hbox (11.49992pt too wide) in paragraph at lines 19--36
\OT1/cmr/m/it/10 ul-
 []


Overfull \hbox (19.4221pt too wide) in paragraph at lines 19--36
\OT1/cmr/m/it/10 lam-
 []


Overfull \hbox (16.9943pt too wide) in paragraph at lines 19--36
\OT1/cmr/m/it/10 cor-
 []


Overfull \hbox (13.41655pt too wide) in paragraph at lines 19--36
\OT1/cmr/m/it/10 per
 []


Overfull \hbox (16.61102pt too wide) in paragraph at lines 19--36
\OT1/cmr/m/it/10 dui,
 []


Overfull \hbox (11.49992pt too wide) in paragraph at lines 19--36
\OT1/cmr/m/it/10 ul-
 []


Overfull \hbox (19.4221pt too wide) in paragraph at lines 19--36
\OT1/cmr/m/it/10 lam-
 []


Overfull \hbox (16.9943pt too wide) in paragraph at lines 19--36
\OT1/cmr/m/it/10 cor-
 []


Overfull \hbox (13.41655pt too wide) in paragraph at lines 19--36
\OT1/cmr/m/it/10 per
 []


Overfull \hbox (12.7777pt too wide) in paragraph at lines 19--36
\OT1/cmr/m/it/10 so-
 []


Overfull \hbox (21.46654pt too wide) in paragraph at lines 19--36
\OT1/cmr/m/it/10 dales
 []


Overfull \hbox (14.82208pt too wide) in paragraph at lines 19--36
\OT1/cmr/m/it/10 lec-
 []


Overfull \hbox (12.7777pt too wide) in paragraph at lines 19--36
\OT1/cmr/m/it/10 tus
 []


Overfull \hbox (21.7221pt too wide) in paragraph at lines 19--36
\OT1/cmr/m/it/10 nulla
 []


Overfull \hbox (13.28879pt too wide) in paragraph at lines 19--36
\OT1/cmr/m/it/10 sed
 []


Overfull \hbox (23.3832pt too wide) in paragraph at lines 19--36
\OT1/cmr/m/it/10 urna.
 []


Overfull \hbox (25.96094pt too wide) in paragraph at lines 19--36
\OT1/cmr/m/it/10 Morbi
 []


Overfull \hbox (14.31102pt too wide) in paragraph at lines 19--36
\OT1/cmr/m/it/10 ali-
 []


Overfull \hbox (17.88875pt too wide) in paragraph at lines 19--36
\OT1/cmr/m/it/10 quet
 []


Overfull \hbox (22.36095pt too wide) in paragraph at lines 19--36
\OT1/cmr/m/it/10 porta
 []


Overfull \hbox (23.8943pt too wide) in paragraph at lines 19--36
\OT1/cmr/m/it/10 risus.
 []


Overfull \hbox (24.28873pt too wide) in paragraph at lines 19--36
\OT1/cmr/m/it/10 Proin
 []


Overfull \hbox (33.22197pt too wide) in paragraph at lines 19--36
\OT1/cmr/m/it/10 vestibu-
 []


Overfull \hbox (16.09991pt too wide) in paragraph at lines 19--36
\OT1/cmr/m/it/10 lum
 []


Overfull \hbox (23.25542pt too wide) in paragraph at lines 19--36
\OT1/cmr/m/it/10 ligula
 []


Overfull \hbox (5.11108pt too wide) in paragraph at lines 19--36
\OT1/cmr/m/it/10 a
 []


Overfull \hbox (14.05547pt too wide) in paragraph at lines 19--36
\OT1/cmr/m/it/10 pu-
 []


Overfull \hbox (16.73878pt too wide) in paragraph at lines 19--36
\OT1/cmr/m/it/10 rus.
 []


Overfull \hbox (22.2554pt too wide) in paragraph at lines 19--36
\OT1/cmr/m/it/10 Mae-
 []


Overfull \hbox (12.26654pt too wide) in paragraph at lines 19--36
\OT1/cmr/m/it/10 ce-
 []


Overfull \hbox (14.82214pt too wide) in paragraph at lines 19--36
\OT1/cmr/m/it/10 nas
 []


Overfull \hbox (5.11108pt too wide) in paragraph at lines 19--36
\OT1/cmr/m/it/10 a
 []


Overfull \hbox (24.78876pt too wide) in paragraph at lines 19--36
\OT1/cmr/m/it/10 nulla.
 []


Overfull \hbox (22.2554pt too wide) in paragraph at lines 19--36
\OT1/cmr/m/it/10 Mae-
 []


Overfull \hbox (12.26654pt too wide) in paragraph at lines 19--36
\OT1/cmr/m/it/10 ce-
 []


Overfull \hbox (14.82214pt too wide) in paragraph at lines 19--36
\OT1/cmr/m/it/10 nas
 []


Overfull \hbox (20.18875pt too wide) in paragraph at lines 19--36
\OT1/cmr/m/it/10 mat-
 []


Overfull \hbox (10.4777pt too wide) in paragraph at lines 19--36
\OT1/cmr/m/it/10 tis
 []


Overfull \hbox (12.01102pt too wide) in paragraph at lines 19--36
\OT1/cmr/m/it/10 est
 []


Overfull \hbox (11.24435pt too wide) in paragraph at lines 19--36
\OT1/cmr/m/it/10 vi-
 []


Overfull \hbox (13.03323pt too wide) in paragraph at lines 19--36
\OT1/cmr/m/it/10 tae
 []


Overfull \hbox (24.27759pt too wide) in paragraph at lines 19--36
\OT1/cmr/m/it/10 neque
 []


Overfull \hbox (18.65543pt too wide) in paragraph at lines 19--36
\OT1/cmr/m/it/10 auc-
 []


Overfull \hbox (12.6499pt too wide) in paragraph at lines 19--36
\OT1/cmr/m/it/10 tor
 []


Overfull \hbox (19.67763pt too wide) in paragraph at lines 19--36
\OT1/cmr/m/it/10 tem-
 []


Overfull \hbox (17.63324pt too wide) in paragraph at lines 19--36
\OT1/cmr/m/it/10 pus.
 []


Overfull \hbox (26.46095pt too wide) in paragraph at lines 19--36
\OT1/cmr/m/it/10 Etiam
 []


Overfull \hbox (21.7221pt too wide) in paragraph at lines 19--36
\OT1/cmr/m/it/10 nulla
 []


Overfull \hbox (16.61102pt too wide) in paragraph at lines 19--36
\OT1/cmr/m/it/10 dui,
 []


Overfull \hbox (20.18875pt too wide) in paragraph at lines 19--36
\OT1/cmr/m/it/10 mat-
 []


Overfull \hbox (10.4777pt too wide) in paragraph at lines 19--36
\OT1/cmr/m/it/10 tis
 []


Overfull \hbox (11.24435pt too wide) in paragraph at lines 19--36
\OT1/cmr/m/it/10 vi-
 []


Overfull \hbox (16.09988pt too wide) in paragraph at lines 19--36
\OT1/cmr/m/it/10 tae,
 []


Overfull \hbox (20.8276pt too wide) in paragraph at lines 19--36
\OT1/cmr/m/it/10 port-
 []


Overfull \hbox (9.96658pt too wide) in paragraph at lines 19--36
\OT1/cmr/m/it/10 ti-
 []


Overfull \hbox (12.6499pt too wide) in paragraph at lines 19--36
\OT1/cmr/m/it/10 tor
 []


Overfull \hbox (16.35544pt too wide) in paragraph at lines 19--36
\OT1/cmr/m/it/10 sed,
 []


Overfull \hbox (14.31102pt too wide) in paragraph at lines 19--36
\OT1/cmr/m/it/10 ali-
 []


Overfull \hbox (17.88875pt too wide) in paragraph at lines 19--36
\OT1/cmr/m/it/10 quet
 []


Overfull \hbox (11.75548pt too wide) in paragraph at lines 19--36
\OT1/cmr/m/it/10 ut,
 []


Overfull \hbox (24.53319pt too wide) in paragraph at lines 19--36
\OT1/cmr/m/it/10 enim.
 []


Overfull \hbox (20.06096pt too wide) in paragraph at lines 19--36
\OT1/cmr/m/it/10 Cras
 []


Overfull \hbox (15.33325pt too wide) in paragraph at lines 19--36
\OT1/cmr/m/it/10 nisl
 []


Overfull \hbox (31.6887pt too wide) in paragraph at lines 19--36
\OT1/cmr/m/it/10 magna,
 []


Overfull \hbox (14.31102pt too wide) in paragraph at lines 19--36
\OT1/cmr/m/it/10 ali-
 []


Overfull \hbox (17.88875pt too wide) in paragraph at lines 19--36
\OT1/cmr/m/it/10 quet
 []


Overfull \hbox (10.9888pt too wide) in paragraph at lines 19--36
\OT1/cmr/m/it/10 et,
 []


Overfull \hbox (28.4942pt too wide) in paragraph at lines 19--36
\OT1/cmr/m/it/10 laoreet
 []


Overfull \hbox (11.49992pt too wide) in paragraph at lines 19--36
\OT1/cmr/m/it/10 at,
 []


Overfull \hbox (31.30533pt too wide) in paragraph at lines 19--36
\OT1/cmr/m/it/10 gravida
 []


Overfull \hbox (12.7777pt too wide) in paragraph at lines 19--36
\OT1/cmr/m/it/10 ac,
 []


Overfull \hbox (27.34424pt too wide) in paragraph at lines 19--36
\OT1/cmr/m/it/10 neque.
 []


Overfull \hbox (14.82211pt too wide) in paragraph at lines 19--36
\OT1/cmr/m/it/10 Sed
 []


Overfull \hbox (8.17773pt too wide) in paragraph at lines 19--36
\OT1/cmr/m/it/10 id
 []


Overfull \hbox (15.07767pt too wide) in paragraph at lines 19--36
\OT1/cmr/m/it/10 est.
 []


Overfull \hbox (23.5332pt too wide) in paragraph at lines 19--36
\OT1/cmr/m/it/10 Nulla
 []


Overfull \hbox (32.45537pt too wide) in paragraph at lines 19--36
\OT1/cmr/m/it/10 dapibus
 []


Overfull \hbox (13.79991pt too wide) in paragraph at lines 19--36
\OT1/cmr/m/it/10 do-
 []


Overfull \hbox (11.88326pt too wide) in paragraph at lines 19--36
\OT1/cmr/m/it/10 lor
 []


Overfull \hbox (17.12212pt too wide) in paragraph at lines 19--36
\OT1/cmr/m/it/10 quis
 []


Overfull \hbox (11.75548pt too wide) in paragraph at lines 19--36
\OT1/cmr/m/it/10 ip-
 []


Overfull \hbox (17.63324pt too wide) in paragraph at lines 19--36
\OT1/cmr/m/it/10 sum
 []


Overfull \hbox (23.63873pt too wide) in paragraph at lines 19--36
\OT1/cmr/m/it/10 rhon-
 []


Overfull \hbox (14.05547pt too wide) in paragraph at lines 19--36
\OT1/cmr/m/it/10 cus
 []


Overfull \hbox (17.76097pt too wide) in paragraph at lines 19--36
\OT1/cmr/m/it/10 cur-
 []


Overfull \hbox (16.61102pt too wide) in paragraph at lines 19--36
\OT1/cmr/m/it/10 sus. 
 []


! LaTeX Error: The font size command \normalsize is not defined:
               there is probably something wrong with the class file.

See the LaTeX manual or LaTeX Companion for explanation.
Type  H <return>  for immediate help.
 ...                                              
                                                  
l.36 
     
Your command was ignored.
Type  I <command> <return>  to replace it with another command,
or  <return>  to continue without it.

[1
! Undefined control sequence.
<write> \newlabel{chap:chap4}{{}{\thepage 
                                          }}
l.36 
     
The control sequence at the end of the top line
of your error message was never \def'ed. If you have
misspelled it (e.g., `\hobx'), type `I' and the correct
spelling (e.g., `I\hbox'). Otherwise just continue,
and I'll forget about whatever was undefined.

\newlabel{chap:chap4}{{}{}}
{C:/ProgramData/MiKTeX/2.9/pdftex/config/pdftex.map}]
! Undefined control sequence.
l.37 \section
             {Mais uma Sec√ß√£o}
The control sequence at the end of the top line
of your error message was never \def'ed. If you have
misspelled it (e.g., `\hobx'), type `I' and the correct
spelling (e.g., `I\hbox'). Otherwise just continue,
and I'll forget about whatever was undefined.


! LaTeX Error: Missing \begin{document}.

See the LaTeX manual or LaTeX Companion for explanation.
Type  H <return>  for immediate help.
 ...                                              
                                                  
l.37 \section{M
               ais uma Sec√ß√£o}
You're in trouble here.  Try typing  <return>  to proceed.
If that doesn't work, type  X <return>  to quit.

Missing character: There is no √ in font cmti10!
Missing character: There is no ß in font cmti10!
Missing character: There is no √ in font cmti10!
Missing character: There is no £ in font cmti10!

Overfull \hbox (41.23322pt too wide) in paragraph at lines 37--38
[]\OT1/cmr/m/it/10 Mais
 []


Overfull \hbox (18.65546pt too wide) in paragraph at lines 37--38
\OT1/cmr/m/it/10 uma
 []


Overfull \hbox (19.42207pt too wide) in paragraph at lines 37--38
\OT1/cmr/m/it/10 Seco 
 []


! LaTeX Error: Missing \begin{document}.

See the LaTeX manual or LaTeX Companion for explanation.
Type  H <return>  for immediate help.
 ...                                              
                                                  
l.39 L
      orem ipsum dolor sit amet, consectetuer adipiscing elit. Quisque
You're in trouble here.  Try typing  <return>  to proceed.
If that doesn't work, type  X <return>  to quit.


Overfull \hbox (47.35533pt too wide) in paragraph at lines 39--51
[]\OT1/cmr/m/it/10 Lorem
 []


Overfull \hbox (11.75548pt too wide) in paragraph at lines 39--51
\OT1/cmr/m/it/10 ip-
 []


Overfull \hbox (17.63324pt too wide) in paragraph at lines 39--51
\OT1/cmr/m/it/10 sum
 []


Overfull \hbox (13.79991pt too wide) in paragraph at lines 39--51
\OT1/cmr/m/it/10 do-
 []


Overfull \hbox (11.88326pt too wide) in paragraph at lines 39--51
\OT1/cmr/m/it/10 lor
 []


Overfull \hbox (10.4777pt too wide) in paragraph at lines 39--51
\OT1/cmr/m/it/10 sit
 []


Overfull \hbox (24.27762pt too wide) in paragraph at lines 39--51
\OT1/cmr/m/it/10 amet,
 []


Overfull \hbox (18.39986pt too wide) in paragraph at lines 39--51
\OT1/cmr/m/it/10 con-
 []


Overfull \hbox (38.20523pt too wide) in paragraph at lines 39--51
\OT1/cmr/m/it/10 sectetuer
 []


Overfull \hbox (21.97765pt too wide) in paragraph at lines 39--51
\OT1/cmr/m/it/10 adip-
 []


Overfull \hbox (15.33322pt too wide) in paragraph at lines 39--51
\OT1/cmr/m/it/10 isc-
 []


Overfull \hbox (13.2888pt too wide) in paragraph at lines 39--51
\OT1/cmr/m/it/10 ing
 []


Overfull \hbox (16.611pt too wide) in paragraph at lines 39--51
\OT1/cmr/m/it/10 elit.
 []


Overfull \hbox (34.75534pt too wide) in paragraph at lines 39--51
\OT1/cmr/m/it/10 Quisque
 []


Overfull \hbox (14.05547pt too wide) in paragraph at lines 39--51
\OT1/cmr/m/it/10 pu-
 []


Overfull \hbox (13.67213pt too wide) in paragraph at lines 39--51
\OT1/cmr/m/it/10 rus
 []


Overfull \hbox (30.66649pt too wide) in paragraph at lines 39--51
\OT1/cmr/m/it/10 sapien,
 []


Overfull \hbox (12.26659pt too wide) in paragraph at lines 39--51
\OT1/cmr/m/it/10 in-
 []


Overfull \hbox (15.71652pt too wide) in paragraph at lines 39--51
\OT1/cmr/m/it/10 ter-
 []


Overfull \hbox (18.65546pt too wide) in paragraph at lines 39--51
\OT1/cmr/m/it/10 dum
 []


Overfull \hbox (11.75548pt too wide) in paragraph at lines 39--51
\OT1/cmr/m/it/10 ut,
 []


Overfull \hbox (33.22197pt too wide) in paragraph at lines 39--51
\OT1/cmr/m/it/10 vestibu-
 []


Overfull \hbox (16.09991pt too wide) in paragraph at lines 39--51
\OT1/cmr/m/it/10 lum
 []


Overfull \hbox (8.17773pt too wide) in paragraph at lines 39--51
\OT1/cmr/m/it/10 a,
 []


Overfull \hbox (13.28879pt too wide) in paragraph at lines 39--51
\OT1/cmr/m/it/10 ac-
 []


Overfull \hbox (21.72208pt too wide) in paragraph at lines 39--51
\OT1/cmr/m/it/10 cum-
 []


Overfull \hbox (14.82214pt too wide) in paragraph at lines 39--51
\OT1/cmr/m/it/10 san
 []


Overfull \hbox (11.49992pt too wide) in paragraph at lines 39--51
\OT1/cmr/m/it/10 ul-
 []


Overfull \hbox (19.4221pt too wide) in paragraph at lines 39--51
\OT1/cmr/m/it/10 lam-
 []


Overfull \hbox (16.9943pt too wide) in paragraph at lines 39--51
\OT1/cmr/m/it/10 cor-
 []


Overfull \hbox (16.4832pt too wide) in paragraph at lines 39--51
\OT1/cmr/m/it/10 per,
 []


Overfull \hbox (19.80539pt too wide) in paragraph at lines 39--51
\OT1/cmr/m/it/10 erat.
 []


Overfull \hbox (23.02208pt too wide) in paragraph at lines 39--51
\OT1/cmr/m/it/10 Mau-
 []


Overfull \hbox (11.37215pt too wide) in paragraph at lines 39--51
\OT1/cmr/m/it/10 ris
 []


Overfull \hbox (5.11108pt too wide) in paragraph at lines 39--51
\OT1/cmr/m/it/10 a
 []


Overfull \hbox (28.62206pt too wide) in paragraph at lines 39--51
\OT1/cmr/m/it/10 magna
 []


Overfull \hbox (8.68883pt too wide) in paragraph at lines 39--51
\OT1/cmr/m/it/10 ut
 []


Overfull \hbox (11.75546pt too wide) in paragraph at lines 39--51
\OT1/cmr/m/it/10 leo
 []


Overfull \hbox (22.36095pt too wide) in paragraph at lines 39--51
\OT1/cmr/m/it/10 porta
 []


Overfull \hbox (14.82213pt too wide) in paragraph at lines 39--51
\OT1/cmr/m/it/10 im-
 []


Overfull \hbox (32.07196pt too wide) in paragraph at lines 39--51
\OT1/cmr/m/it/10 perdiet.
 []


Overfull \hbox (26.97202pt too wide) in paragraph at lines 39--51
\OT1/cmr/m/it/10 Donec
 []


Overfull \hbox (13.54437pt too wide) in paragraph at lines 39--51
\OT1/cmr/m/it/10 dui
 []


Overfull \hbox (20.95543pt too wide) in paragraph at lines 39--51
\OT1/cmr/m/it/10 odio,
 []


Overfull \hbox (22.36095pt too wide) in paragraph at lines 39--51
\OT1/cmr/m/it/10 porta
 []


Overfull \hbox (11.7555pt too wide) in paragraph at lines 39--51
\OT1/cmr/m/it/10 in,
 []


Overfull \hbox (33.34976pt too wide) in paragraph at lines 39--51
\OT1/cmr/m/it/10 pretium
 []


Overfull \hbox (19.42212pt too wide) in paragraph at lines 39--51
\OT1/cmr/m/it/10 non,
 []


Overfull \hbox (20.4443pt too wide) in paragraph at lines 39--51
\OT1/cmr/m/it/10 sem-
 []


Overfull \hbox (13.41655pt too wide) in paragraph at lines 39--51
\OT1/cmr/m/it/10 per
 []


Overfull \hbox (20.18877pt too wide) in paragraph at lines 39--51
\OT1/cmr/m/it/10 quis,
 []


Overfull \hbox (19.54985pt too wide) in paragraph at lines 39--51
\OT1/cmr/m/it/10 orci.
 []


Overfull \hbox (34.75534pt too wide) in paragraph at lines 39--51
\OT1/cmr/m/it/10 Quisque
 []


Overfull \hbox (16.73874pt too wide) in paragraph at lines 39--51
\OT1/cmr/m/it/10 erat
 []


Overfull \hbox (24.5332pt too wide) in paragraph at lines 39--51
\OT1/cmr/m/it/10 diam,
 []


Overfull \hbox (27.21646pt too wide) in paragraph at lines 39--51
\OT1/cmr/m/it/10 phare-
 []


Overfull \hbox (12.13878pt too wide) in paragraph at lines 39--51
\OT1/cmr/m/it/10 tra
 []


Overfull \hbox (14.82211pt too wide) in paragraph at lines 39--51
\OT1/cmr/m/it/10 vel,
 []


Overfull \hbox (28.4942pt too wide) in paragraph at lines 39--51
\OT1/cmr/m/it/10 laoreet
 []


Overfull \hbox (12.7777pt too wide) in paragraph at lines 39--51
\OT1/cmr/m/it/10 ac,
 []


Overfull \hbox (18.91098pt too wide) in paragraph at lines 39--51
\OT1/cmr/m/it/10 hen-
 []


Overfull \hbox (24.02202pt too wide) in paragraph at lines 39--51
\OT1/cmr/m/it/10 drerit
 []


Overfull \hbox (14.82211pt too wide) in paragraph at lines 39--51
\OT1/cmr/m/it/10 vel,
 []


Overfull \hbox (24.53319pt too wide) in paragraph at lines 39--51
\OT1/cmr/m/it/10 enim.
 []


Overfull \hbox (26.97202pt too wide) in paragraph at lines 39--51
\OT1/cmr/m/it/10 Donec
 []


Overfull \hbox (18.27208pt too wide) in paragraph at lines 39--51
\OT1/cmr/m/it/10 tris-
 []


Overfull \hbox (20.9554pt too wide) in paragraph at lines 39--51
\OT1/cmr/m/it/10 tique
 []


Overfull \hbox (16.09988pt too wide) in paragraph at lines 39--51
\OT1/cmr/m/it/10 luc-
 []


Overfull \hbox (12.7777pt too wide) in paragraph at lines 39--51
\OT1/cmr/m/it/10 tus
 []


Overfull \hbox (23.8943pt too wide) in paragraph at lines 39--51
\OT1/cmr/m/it/10 risus.
 []


Overfull \hbox (23.90536pt too wide) in paragraph at lines 39--51
\OT1/cmr/m/it/10 Fusce
 []


Overfull \hbox (13.79991pt too wide) in paragraph at lines 39--51
\OT1/cmr/m/it/10 do-
 []


Overfull \hbox (11.88326pt too wide) in paragraph at lines 39--51
\OT1/cmr/m/it/10 lor
 []


Overfull \hbox (15.07767pt too wide) in paragraph at lines 39--51
\OT1/cmr/m/it/10 est,
 []


Overfull \hbox (33.222pt too wide) in paragraph at lines 39--51
\OT1/cmr/m/it/10 eleifend
 []


Overfull \hbox (11.24438pt too wide) in paragraph at lines 39--51
\OT1/cmr/m/it/10 id,
 []


Overfull \hbox (10.73325pt too wide) in paragraph at lines 39--51
\OT1/cmr/m/it/10 el-
 []


Overfull \hbox (8.1777pt too wide) in paragraph at lines 39--51
\OT1/cmr/m/it/10 e-
 []


Overfull \hbox (21.97763pt too wide) in paragraph at lines 39--51
\OT1/cmr/m/it/10 men-
 []


Overfull \hbox (16.86656pt too wide) in paragraph at lines 39--51
\OT1/cmr/m/it/10 tum
 []


Overfull \hbox (10.4777pt too wide) in paragraph at lines 39--51
\OT1/cmr/m/it/10 sit
 []


Overfull \hbox (24.27762pt too wide) in paragraph at lines 39--51
\OT1/cmr/m/it/10 amet,
 []


Overfull \hbox (17.50542pt too wide) in paragraph at lines 39--51
\OT1/cmr/m/it/10 var-
 []


Overfull \hbox (12.52216pt too wide) in paragraph at lines 39--51
\OT1/cmr/m/it/10 ius
 []


Overfull \hbox (11.24435pt too wide) in paragraph at lines 39--51
\OT1/cmr/m/it/10 vi-
 []


Overfull \hbox (16.09988pt too wide) in paragraph at lines 39--51
\OT1/cmr/m/it/10 tae,
 []


Overfull \hbox (27.34424pt too wide) in paragraph at lines 39--51
\OT1/cmr/m/it/10 neque.
 []


Overfull \hbox (25.96094pt too wide) in paragraph at lines 39--51
\OT1/cmr/m/it/10 Morbi
 []


Overfull \hbox (8.43327pt too wide) in paragraph at lines 39--51
\OT1/cmr/m/it/10 at
 []


Overfull \hbox (14.05547pt too wide) in paragraph at lines 39--51
\OT1/cmr/m/it/10 au-
 []


Overfull \hbox (17.63321pt too wide) in paragraph at lines 39--51
\OT1/cmr/m/it/10 gue.
 []


Overfull \hbox (10.75548pt too wide) in paragraph at lines 39--51
\OT1/cmr/m/it/10 Ut
 []


Overfull \hbox (16.86656pt too wide) in paragraph at lines 39--51
\OT1/cmr/m/it/10 sem
 []


Overfull \hbox (26.32207pt too wide) in paragraph at lines 39--51
\OT1/cmr/m/it/10 ligula,
 []


Overfull \hbox (18.65543pt too wide) in paragraph at lines 39--51
\OT1/cmr/m/it/10 auc-
 []


Overfull \hbox (12.6499pt too wide) in paragraph at lines 39--51
\OT1/cmr/m/it/10 tor
 []


Overfull \hbox (11.24435pt too wide) in paragraph at lines 39--51
\OT1/cmr/m/it/10 vi-
 []


Overfull \hbox (16.09988pt too wide) in paragraph at lines 39--51
\OT1/cmr/m/it/10 tae,
 []


Overfull \hbox (11.75548pt too wide) in paragraph at lines 39--51
\OT1/cmr/m/it/10 fa-
 []


Overfull \hbox (13.7999pt too wide) in paragraph at lines 39--51
\OT1/cmr/m/it/10 cil-
 []


Overfull \hbox (6.6444pt too wide) in paragraph at lines 39--51
\OT1/cmr/m/it/10 i-
 []


Overfull \hbox (11.24438pt too wide) in paragraph at lines 39--51
\OT1/cmr/m/it/10 sis
 []


Overfull \hbox (11.24438pt too wide) in paragraph at lines 39--51
\OT1/cmr/m/it/10 id,
 []


Overfull \hbox (27.21646pt too wide) in paragraph at lines 39--51
\OT1/cmr/m/it/10 phare-
 []


Overfull \hbox (12.13878pt too wide) in paragraph at lines 39--51
\OT1/cmr/m/it/10 tra
 []


Overfull \hbox (19.42212pt too wide) in paragraph at lines 39--51
\OT1/cmr/m/it/10 non,
 []


Overfull \hbox (14.82208pt too wide) in paragraph at lines 39--51
\OT1/cmr/m/it/10 lec-
 []


Overfull \hbox (15.84435pt too wide) in paragraph at lines 39--51
\OT1/cmr/m/it/10 tus.
 []


Overfull \hbox (23.5332pt too wide) in paragraph at lines 39--51
\OT1/cmr/m/it/10 Nulla
 []


Overfull \hbox (11.24437pt too wide) in paragraph at lines 39--51
\OT1/cmr/m/it/10 la-
 []


Overfull \hbox (14.05547pt too wide) in paragraph at lines 39--51
\OT1/cmr/m/it/10 cus
 []


Overfull \hbox (14.05547pt too wide) in paragraph at lines 39--51
\OT1/cmr/m/it/10 au-
 []


Overfull \hbox (17.63321pt too wide) in paragraph at lines 39--51
\OT1/cmr/m/it/10 gue,
 []


Overfull \hbox (14.31102pt too wide) in paragraph at lines 39--51
\OT1/cmr/m/it/10 ali-
 []


Overfull \hbox (23.25542pt too wide) in paragraph at lines 39--51
\OT1/cmr/m/it/10 quam
 []


Overfull \hbox (19.6776pt too wide) in paragraph at lines 39--51
\OT1/cmr/m/it/10 eget,
 []


Overfull \hbox (15.33324pt too wide) in paragraph at lines 39--51
\OT1/cmr/m/it/10 sol-
 []


Overfull \hbox (13.7999pt too wide) in paragraph at lines 39--51
\OT1/cmr/m/it/10 lic-
 []


Overfull \hbox (6.6444pt too wide) in paragraph at lines 39--51
\OT1/cmr/m/it/10 i-
 []


Overfull \hbox (22.48875pt too wide) in paragraph at lines 39--51
\OT1/cmr/m/it/10 tudin
 []


Overfull \hbox (16.35544pt too wide) in paragraph at lines 39--51
\OT1/cmr/m/it/10 sed,
 []


Overfull \hbox (18.91098pt too wide) in paragraph at lines 39--51
\OT1/cmr/m/it/10 hen-
 []


Overfull \hbox (24.02202pt too wide) in paragraph at lines 39--51
\OT1/cmr/m/it/10 drerit
 []


Overfull \hbox (13.03325pt too wide) in paragraph at lines 39--51
\OT1/cmr/m/it/10 eu,
 []


Overfull \hbox (14.82211pt too wide) in paragraph at lines 39--51
\OT1/cmr/m/it/10 leo.
 []


Overfull \hbox (18.65544pt too wide) in paragraph at lines 39--51
\OT1/cmr/m/it/10 Sus-
 []


Overfull \hbox (35.77754pt too wide) in paragraph at lines 39--51
\OT1/cmr/m/it/10 pendisse
 []


Overfull \hbox (9.71104pt too wide) in paragraph at lines 39--51
\OT1/cmr/m/it/10 ac
 []


Overfull \hbox (16.22765pt too wide) in paragraph at lines 39--51
\OT1/cmr/m/it/10 tor-
 []


Overfull \hbox (15.71655pt too wide) in paragraph at lines 39--51
\OT1/cmr/m/it/10 tor.
 []


Overfull \hbox (23.02208pt too wide) in paragraph at lines 39--51
\OT1/cmr/m/it/10 Mau-
 []


Overfull \hbox (11.37215pt too wide) in paragraph at lines 39--51
\OT1/cmr/m/it/10 ris
 []


Overfull \hbox (8.43327pt too wide) in paragraph at lines 39--51
\OT1/cmr/m/it/10 at
 []


Overfull \hbox (20.95543pt too wide) in paragraph at lines 39--51
\OT1/cmr/m/it/10 odio.
 []


Overfull \hbox (26.46095pt too wide) in paragraph at lines 39--51
\OT1/cmr/m/it/10 Etiam
 []


Overfull \hbox (12.77766pt too wide) in paragraph at lines 39--51
\OT1/cmr/m/it/10 ve-
 []


Overfull \hbox (16.35544pt too wide) in paragraph at lines 39--51
\OT1/cmr/m/it/10 hic-
 []


Overfull \hbox (16.09991pt too wide) in paragraph at lines 39--51
\OT1/cmr/m/it/10 ula.
 []


Overfull \hbox (20.7221pt too wide) in paragraph at lines 39--51
\OT1/cmr/m/it/10 Nam
 []


Overfull \hbox (29.13316pt too wide) in paragraph at lines 39--51
\OT1/cmr/m/it/10 lacinia
 []


Overfull \hbox (14.05547pt too wide) in paragraph at lines 39--51
\OT1/cmr/m/it/10 pu-
 []


Overfull \hbox (13.67213pt too wide) in paragraph at lines 39--51
\OT1/cmr/m/it/10 rus
 []


Overfull \hbox (8.43327pt too wide) in paragraph at lines 39--51
\OT1/cmr/m/it/10 at
 []


Overfull \hbox (21.46654pt too wide) in paragraph at lines 39--51
\OT1/cmr/m/it/10 nibh.
 []


Overfull \hbox (16.37766pt too wide) in paragraph at lines 39--51
\OT1/cmr/m/it/10 Ali-
 []


Overfull \hbox (23.25542pt too wide) in paragraph at lines 39--51
\OT1/cmr/m/it/10 quam
 []


Overfull \hbox (34.37201pt too wide) in paragraph at lines 39--51
\OT1/cmr/m/it/10 fringilla
 []


Overfull \hbox (24.14983pt too wide) in paragraph at lines 39--51
\OT1/cmr/m/it/10 lorem
 []


Overfull \hbox (9.71104pt too wide) in paragraph at lines 39--51
\OT1/cmr/m/it/10 ac
 []


Overfull \hbox (24.02208pt too wide) in paragraph at lines 39--51
\OT1/cmr/m/it/10 justo.
 []


Overfull \hbox (10.75548pt too wide) in paragraph at lines 39--51
\OT1/cmr/m/it/10 Ut
 []


Overfull \hbox (14.31099pt too wide) in paragraph at lines 39--51
\OT1/cmr/m/it/10 nec
 []


Overfull \hbox (24.53319pt too wide) in paragraph at lines 39--51
\OT1/cmr/m/it/10 enim. 
 []


! LaTeX Error: Missing \begin{document}.

See the LaTeX manual or LaTeX Companion for explanation.
Type  H <return>  for immediate help.
 ...                                              
                                                  
l.52 Q
      uisque ullamcorper. Aliquam vel magna. Sed pulvinar dictum
You're in trouble here.  Try typing  <return>  to proceed.
If that doesn't work, type  X <return>  to quit.


Overfull \hbox (54.75534pt too wide) in paragraph at lines 52--58
[]\OT1/cmr/m/it/10 Quisque
 []


Overfull \hbox (11.49992pt too wide) in paragraph at lines 52--58
\OT1/cmr/m/it/10 ul-
 []


Overfull \hbox (19.4221pt too wide) in paragraph at lines 52--58
\OT1/cmr/m/it/10 lam-
 []


Overfull \hbox (16.9943pt too wide) in paragraph at lines 52--58
\OT1/cmr/m/it/10 cor-
 []


Overfull \hbox (16.4832pt too wide) in paragraph at lines 52--58
\OT1/cmr/m/it/10 per.
 []


Overfull \hbox (16.37766pt too wide) in paragraph at lines 52--58
\OT1/cmr/m/it/10 Ali-
 []


Overfull \hbox (23.25542pt too wide) in paragraph at lines 52--58
\OT1/cmr/m/it/10 quam
 []


Overfull \hbox (11.75546pt too wide) in paragraph at lines 52--58
\OT1/cmr/m/it/10 vel
 []


Overfull \hbox (31.6887pt too wide) in paragraph at lines 52--58
\OT1/cmr/m/it/10 magna.
 []


Overfull \hbox (14.82211pt too wide) in paragraph at lines 52--58
\OT1/cmr/m/it/10 Sed
 []


Overfull \hbox (16.61101pt too wide) in paragraph at lines 52--58
\OT1/cmr/m/it/10 pul-
 []


Overfull \hbox (8.1777pt too wide) in paragraph at lines 52--58
\OT1/cmr/m/it/10 v-
 []


Overfull \hbox (18.01656pt too wide) in paragraph at lines 52--58
\OT1/cmr/m/it/10 inar
 []


Overfull \hbox (16.35544pt too wide) in paragraph at lines 52--58
\OT1/cmr/m/it/10 dic-
 []


Overfull \hbox (16.86656pt too wide) in paragraph at lines 52--58
\OT1/cmr/m/it/10 tum
 []


Overfull \hbox (26.32207pt too wide) in paragraph at lines 52--58
\OT1/cmr/m/it/10 ligula.
 []


Overfull \hbox (14.82211pt too wide) in paragraph at lines 52--58
\OT1/cmr/m/it/10 Sed
 []


Overfull \hbox (11.49992pt too wide) in paragraph at lines 52--58
\OT1/cmr/m/it/10 ul-
 []


Overfull \hbox (14.18321pt too wide) in paragraph at lines 52--58
\OT1/cmr/m/it/10 tri-
 []


Overfull \hbox (12.77766pt too wide) in paragraph at lines 52--58
\OT1/cmr/m/it/10 ces
 []


Overfull \hbox (13.79991pt too wide) in paragraph at lines 52--58
\OT1/cmr/m/it/10 do-
 []


Overfull \hbox (11.88326pt too wide) in paragraph at lines 52--58
\OT1/cmr/m/it/10 lor
 []


Overfull \hbox (8.68883pt too wide) in paragraph at lines 52--58
\OT1/cmr/m/it/10 ut
 []


Overfull \hbox (28.23871pt too wide) in paragraph at lines 52--58
\OT1/cmr/m/it/10 turpis.
 []


Overfull \hbox (14.07768pt too wide) in paragraph at lines 52--58
\OT1/cmr/m/it/10 Vi-
 []


Overfull \hbox (13.28879pt too wide) in paragraph at lines 52--58
\OT1/cmr/m/it/10 va-
 []


Overfull \hbox (17.63324pt too wide) in paragraph at lines 52--58
\OT1/cmr/m/it/10 mus
 []


Overfull \hbox (23.7665pt too wide) in paragraph at lines 52--58
\OT1/cmr/m/it/10 sagit-
 []


Overfull \hbox (10.4777pt too wide) in paragraph at lines 52--58
\OT1/cmr/m/it/10 tis
 []


Overfull \hbox (16.4832pt too wide) in paragraph at lines 52--58
\OT1/cmr/m/it/10 orci
 []


Overfull \hbox (24.02206pt too wide) in paragraph at lines 52--58
\OT1/cmr/m/it/10 male-
 []


Overfull \hbox (24.78876pt too wide) in paragraph at lines 52--58
\OT1/cmr/m/it/10 suada
 []


Overfull \hbox (18.78319pt too wide) in paragraph at lines 52--58
\OT1/cmr/m/it/10 arcu
 []


Overfull \hbox (12.77766pt too wide) in paragraph at lines 52--58
\OT1/cmr/m/it/10 ve-
 []


Overfull \hbox (13.7999pt too wide) in paragraph at lines 52--58
\OT1/cmr/m/it/10 ne-
 []


Overfull \hbox (21.21098pt too wide) in paragraph at lines 52--58
\OT1/cmr/m/it/10 natis
 []


Overfull \hbox (18.65543pt too wide) in paragraph at lines 52--58
\OT1/cmr/m/it/10 auc-
 []


Overfull \hbox (15.71655pt too wide) in paragraph at lines 52--58
\OT1/cmr/m/it/10 tor.
 []


Overfull \hbox (24.28873pt too wide) in paragraph at lines 52--58
\OT1/cmr/m/it/10 Proin
 []


Overfull \hbox (12.77766pt too wide) in paragraph at lines 52--58
\OT1/cmr/m/it/10 ve-
 []


Overfull \hbox (16.35544pt too wide) in paragraph at lines 52--58
\OT1/cmr/m/it/10 hic-
 []


Overfull \hbox (13.03326pt too wide) in paragraph at lines 52--58
\OT1/cmr/m/it/10 ula
 []


Overfull \hbox (27.21646pt too wide) in paragraph at lines 52--58
\OT1/cmr/m/it/10 phare-
 []


Overfull \hbox (12.13878pt too wide) in paragraph at lines 52--58
\OT1/cmr/m/it/10 tra
 []


Overfull \hbox (23.3832pt too wide) in paragraph at lines 52--58
\OT1/cmr/m/it/10 urna.
 []


Overfull \hbox (16.37766pt too wide) in paragraph at lines 52--58
\OT1/cmr/m/it/10 Ali-
 []


Overfull \hbox (23.25542pt too wide) in paragraph at lines 52--58
\OT1/cmr/m/it/10 quam
 []


Overfull \hbox (20.95537pt too wide) in paragraph at lines 52--58
\OT1/cmr/m/it/10 eges-
 []


Overfull \hbox (12.52214pt too wide) in paragraph at lines 52--58
\OT1/cmr/m/it/10 tas
 []


Overfull \hbox (21.21098pt too wide) in paragraph at lines 52--58
\OT1/cmr/m/it/10 nunc
 []


Overfull \hbox (17.12212pt too wide) in paragraph at lines 52--58
\OT1/cmr/m/it/10 quis
 []


Overfull \hbox (18.3999pt too wide) in paragraph at lines 52--58
\OT1/cmr/m/it/10 nisl.
 []


Overfull \hbox (26.97202pt too wide) in paragraph at lines 52--58
\OT1/cmr/m/it/10 Donec
 []


Overfull \hbox (11.49992pt too wide) in paragraph at lines 52--58
\OT1/cmr/m/it/10 ul-
 []


Overfull \hbox (19.4221pt too wide) in paragraph at lines 52--58
\OT1/cmr/m/it/10 lam-
 []


Overfull \hbox (16.9943pt too wide) in paragraph at lines 52--58
\OT1/cmr/m/it/10 cor-
 []


Overfull \hbox (16.4832pt too wide) in paragraph at lines 52--58
\OT1/cmr/m/it/10 per.
 []


Overfull \hbox (23.5332pt too wide) in paragraph at lines 52--58
\OT1/cmr/m/it/10 Nulla
 []


Overfull \hbox (14.05547pt too wide) in paragraph at lines 52--58
\OT1/cmr/m/it/10 pu-
 []


Overfull \hbox (16.73878pt too wide) in paragraph at lines 52--58
\OT1/cmr/m/it/10 rus.
 []


Overfull \hbox (10.75548pt too wide) in paragraph at lines 52--58
\OT1/cmr/m/it/10 Ut
 []


Overfull \hbox (17.12212pt too wide) in paragraph at lines 52--58
\OT1/cmr/m/it/10 sus-
 []


Overfull \hbox (19.16653pt too wide) in paragraph at lines 52--58
\OT1/cmr/m/it/10 cipit
 []


Overfull \hbox (11.24437pt too wide) in paragraph at lines 52--58
\OT1/cmr/m/it/10 la-
 []


Overfull \hbox (14.05547pt too wide) in paragraph at lines 52--58
\OT1/cmr/m/it/10 cus
 []


Overfull \hbox (11.24435pt too wide) in paragraph at lines 52--58
\OT1/cmr/m/it/10 vi-
 []


Overfull \hbox (13.03323pt too wide) in paragraph at lines 52--58
\OT1/cmr/m/it/10 tae
 []


Overfull \hbox (16.61102pt too wide) in paragraph at lines 52--58
\OT1/cmr/m/it/10 dui.
 []


Overfull \hbox (23.02208pt too wide) in paragraph at lines 52--58
\OT1/cmr/m/it/10 Mau-
 []


Overfull \hbox (11.37215pt too wide) in paragraph at lines 52--58
\OT1/cmr/m/it/10 ris
 []


Overfull \hbox (20.4443pt too wide) in paragraph at lines 52--58
\OT1/cmr/m/it/10 sem-
 []


Overfull \hbox (16.4832pt too wide) in paragraph at lines 52--58
\OT1/cmr/m/it/10 per.
 []


Overfull \hbox (10.75548pt too wide) in paragraph at lines 52--58
\OT1/cmr/m/it/10 Ut
 []


Overfull \hbox (16.61095pt too wide) in paragraph at lines 52--58
\OT1/cmr/m/it/10 eget
 []


Overfull \hbox (19.93321pt too wide) in paragraph at lines 52--58
\OT1/cmr/m/it/10 sem.
 []


Overfull \hbox (13.05547pt too wide) in paragraph at lines 52--58
\OT1/cmr/m/it/10 In-
 []


Overfull \hbox (11.4999pt too wide) in paragraph at lines 52--58
\OT1/cmr/m/it/10 te-
 []


Overfull \hbox (13.41655pt too wide) in paragraph at lines 52--58
\OT1/cmr/m/it/10 ger
 []


Overfull \hbox (19.54985pt too wide) in paragraph at lines 52--58
\OT1/cmr/m/it/10 orci.
 []


Overfull \hbox (20.7221pt too wide) in paragraph at lines 52--58
\OT1/cmr/m/it/10 Nam
 []


Overfull \hbox (11.24435pt too wide) in paragraph at lines 52--58
\OT1/cmr/m/it/10 vi-
 []


Overfull \hbox (13.03323pt too wide) in paragraph at lines 52--58
\OT1/cmr/m/it/10 tae
 []


Overfull \hbox (13.54437pt too wide) in paragraph at lines 52--58
\OT1/cmr/m/it/10 dui
 []


Overfull \hbox (16.61095pt too wide) in paragraph at lines 52--58
\OT1/cmr/m/it/10 eget
 []


Overfull \hbox (15.84436pt too wide) in paragraph at lines 52--58
\OT1/cmr/m/it/10 nisi
 []


Overfull \hbox (20.95541pt too wide) in paragraph at lines 52--58
\OT1/cmr/m/it/10 plac-
 []


Overfull \hbox (16.73874pt too wide) in paragraph at lines 52--58
\OT1/cmr/m/it/10 erat
 []


Overfull \hbox (18.39986pt too wide) in paragraph at lines 52--58
\OT1/cmr/m/it/10 con-
 []


Overfull \hbox (13.28879pt too wide) in paragraph at lines 52--58
\OT1/cmr/m/it/10 va-
 []


Overfull \hbox (6.13329pt too wide) in paragraph at lines 52--58
\OT1/cmr/m/it/10 l-
 []


Overfull \hbox (12.77771pt too wide) in paragraph at lines 52--58
\OT1/cmr/m/it/10 lis. 
 []


! LaTeX Error: Environment lstlisting undefined.

See the LaTeX manual or LaTeX Companion for explanation.
Type  H <return>  for immediate help.
 ...                                              
                                                  
l.59 \begin{lstlisting}
                       [float,language=Java, label=src:mapreduce, caption=Ex...

Your command was ignored.
Type  I <command> <return>  to replace it with another command,
or  <return>  to continue without it.


! LaTeX Error: Missing \begin{document}.

See the LaTeX manual or LaTeX Companion for explanation.
Type  H <return>  for immediate help.
 ...                                              
                                                  
l.59 \begin{lstlisting}[
                        float,language=Java, label=src:mapreduce, caption=Ex...

You're in trouble here.  Try typing  <return>  to proceed.
If that doesn't work, type  X <return>  to quit.


Overfull \hbox (113.41605pt too wide) in paragraph at lines 59--65
[]\OT1/cmr/m/it/10 [float,language=Java,
 []


Overfull \hbox (11.24437pt too wide) in paragraph at lines 59--65
\OT1/cmr/m/it/10 la-
 []


Overfull \hbox (82.79936pt too wide) in paragraph at lines 59--65
\OT1/cmr/m/it/10 bel=src:mapreduce,
 []


Overfull \hbox (17.88875pt too wide) in paragraph at lines 59--65
\OT1/cmr/m/it/10 cap-
 []


Overfull \hbox (61.76631pt too wide) in paragraph at lines 59--65
\OT1/cmr/m/it/10 tion=Example
 []


Overfull \hbox (18.3999pt too wide) in paragraph at lines 59--65
\OT1/cmr/m/it/10 map
 []


Overfull \hbox (15.84436pt too wide) in paragraph at lines 59--65
\OT1/cmr/m/it/10 and
 []


Overfull \hbox (11.88321pt too wide) in paragraph at lines 59--65
\OT1/cmr/m/it/10 re-
 []


Overfull \hbox (19.16652pt too wide) in paragraph at lines 59--65
\OT1/cmr/m/it/10 duce
 []


Overfull \hbox (22.23318pt too wide) in paragraph at lines 59--65
\OT1/cmr/m/it/10 func-
 []


Overfull \hbox (21.21098pt too wide) in paragraph at lines 59--65
\OT1/cmr/m/it/10 tions
 []


Overfull \hbox (12.39436pt too wide) in paragraph at lines 59--65
\OT1/cmr/m/it/10 for
 []


Overfull \hbox (20.57208pt too wide) in paragraph at lines 59--65
\OT1/cmr/m/it/10 word
 []


Overfull \hbox (27.08868pt too wide) in paragraph at lines 59--65
\OT1/cmr/m/it/10 count-
 []


Overfull \hbox (16.35545pt too wide) in paragraph at lines 59--65
\OT1/cmr/m/it/10 ing]
 []


Overfull \hbox (48.93858pt too wide) in paragraph at lines 59--65
\OT1/cmr/m/it/10 map(String
 []


Overfull \hbox (17.12209pt too wide) in paragraph at lines 59--65
\OT1/cmr/m/it/10 key,
 []


Overfull \hbox (26.44981pt too wide) in paragraph at lines 59--65
\OT1/cmr/m/it/10 String
 []


Overfull \hbox (29.3887pt too wide) in paragraph at lines 59--65
\OT1/cmr/m/it/10 value):
 []


Overfull \hbox (10.22217pt too wide) in paragraph at lines 59--65
\OT1/cmr/m/it/10 //
 []


Overfull \hbox (17.12209pt too wide) in paragraph at lines 59--65
\OT1/cmr/m/it/10 key:
 []


Overfull \hbox (17.88875pt too wide) in paragraph at lines 59--65
\OT1/cmr/m/it/10 doc-
 []


Overfull \hbox (8.94438pt too wide) in paragraph at lines 59--65
\OT1/cmr/m/it/10 u-
 []


Overfull \hbox (21.72208pt too wide) in paragraph at lines 59--65
\OT1/cmr/m/it/10 ment
 []


Overfull \hbox (23.51097pt too wide) in paragraph at lines 59--65
\OT1/cmr/m/it/10 name
 []


Overfull \hbox (10.22217pt too wide) in paragraph at lines 59--65
\OT1/cmr/m/it/10 //
 []


Overfull \hbox (25.29984pt too wide) in paragraph at lines 59--65
\OT1/cmr/m/it/10 value:
 []


Overfull \hbox (17.88875pt too wide) in paragraph at lines 59--65
\OT1/cmr/m/it/10 doc-
 []


Overfull \hbox (8.94438pt too wide) in paragraph at lines 59--65
\OT1/cmr/m/it/10 u-
 []


Overfull \hbox (21.72208pt too wide) in paragraph at lines 59--65
\OT1/cmr/m/it/10 ment
 []


Overfull \hbox (18.39986pt too wide) in paragraph at lines 59--65
\OT1/cmr/m/it/10 con-
 []


Overfull \hbox (20.9554pt too wide) in paragraph at lines 59--65
\OT1/cmr/m/it/10 tents
 []


Overfull \hbox (12.39436pt too wide) in paragraph at lines 59--65
\OT1/cmr/m/it/10 for
 []


Overfull \hbox (18.91096pt too wide) in paragraph at lines 59--65
\OT1/cmr/m/it/10 each
 []


Overfull \hbox (20.57208pt too wide) in paragraph at lines 59--65
\OT1/cmr/m/it/10 word
 []


Overfull \hbox (6.64441pt too wide) in paragraph at lines 59--65
\OT1/cmr/m/it/10 w
 []


Overfull \hbox (8.68884pt too wide) in paragraph at lines 59--65
\OT1/cmr/m/it/10 in
 []


Overfull \hbox (25.29984pt too wide) in paragraph at lines 59--65
\OT1/cmr/m/it/10 value:
 []


Overfull \hbox (24.92761pt too wide) in paragraph at lines 59--65
\OT1/cmr/m/it/10 Emit-
 []


Overfull \hbox (13.05547pt too wide) in paragraph at lines 59--65
\OT1/cmr/m/it/10 In-
 []


Overfull \hbox (15.71652pt too wide) in paragraph at lines 59--65
\OT1/cmr/m/it/10 ter-
 []


Overfull \hbox (16.35544pt too wide) in paragraph at lines 59--65
\OT1/cmr/m/it/10 me-
 []


Overfull \hbox (11.75548pt too wide) in paragraph at lines 59--65
\OT1/cmr/m/it/10 di-
 []


Overfull \hbox (26.83316pt too wide) in paragraph at lines 59--65
\OT1/cmr/m/it/10 ate(w,
 []


Overfull \hbox (22.55545pt too wide) in paragraph at lines 59--65
\OT1/cmr/m/it/10 "1"); 
 []


! LaTeX Error: Missing \begin{document}.

See the LaTeX manual or LaTeX Companion for explanation.
Type  H <return>  for immediate help.
 ...                                              
                                                  
l.66 r
      educe(String key, Iterator values):
You're in trouble here.  Try typing  <return>  to proceed.
If that doesn't work, type  X <return>  to quit.


Overfull \hbox (77.49954pt too wide) in paragraph at lines 66--72
[]\OT1/cmr/m/it/10 reduce(String
 []


Overfull \hbox (17.12209pt too wide) in paragraph at lines 66--72
\OT1/cmr/m/it/10 key,
 []


Overfull \hbox (10.75546pt too wide) in paragraph at lines 66--72
\OT1/cmr/m/it/10 It-
 []


Overfull \hbox (12.39433pt too wide) in paragraph at lines 66--72
\OT1/cmr/m/it/10 er-
 []


Overfull \hbox (8.68883pt too wide) in paragraph at lines 66--72
\OT1/cmr/m/it/10 a-
 []


Overfull \hbox (12.6499pt too wide) in paragraph at lines 66--72
\OT1/cmr/m/it/10 tor
 []


Overfull \hbox (15.84433pt too wide) in paragraph at lines 66--72
\OT1/cmr/m/it/10 val-
 []


Overfull \hbox (21.21098pt too wide) in paragraph at lines 66--72
\OT1/cmr/m/it/10 ues):
 []


Overfull \hbox (10.22217pt too wide) in paragraph at lines 66--72
\OT1/cmr/m/it/10 //
 []


Overfull \hbox (17.12209pt too wide) in paragraph at lines 66--72
\OT1/cmr/m/it/10 key:
 []


Overfull \hbox (5.11108pt too wide) in paragraph at lines 66--72
\OT1/cmr/m/it/10 a
 []


Overfull \hbox (20.57208pt too wide) in paragraph at lines 66--72
\OT1/cmr/m/it/10 word
 []


Overfull \hbox (10.22217pt too wide) in paragraph at lines 66--72
\OT1/cmr/m/it/10 //
 []


Overfull \hbox (15.84433pt too wide) in paragraph at lines 66--72
\OT1/cmr/m/it/10 val-
 []


Overfull \hbox (17.12212pt too wide) in paragraph at lines 66--72
\OT1/cmr/m/it/10 ues:
 []


Overfull \hbox (5.11108pt too wide) in paragraph at lines 66--72
\OT1/cmr/m/it/10 a
 []


Overfull \hbox (13.03325pt too wide) in paragraph at lines 66--72
\OT1/cmr/m/it/10 list
 []


Overfull \hbox (8.17773pt too wide) in paragraph at lines 66--72
\OT1/cmr/m/it/10 of
 []


Overfull \hbox (27.59981pt too wide) in paragraph at lines 66--72
\OT1/cmr/m/it/10 counts
 []


Overfull \hbox (12.01103pt too wide) in paragraph at lines 66--72
\OT1/cmr/m/it/10 int
 []


Overfull \hbox (11.88321pt too wide) in paragraph at lines 66--72
\OT1/cmr/m/it/10 re-
 []


Overfull \hbox (15.33324pt too wide) in paragraph at lines 66--72
\OT1/cmr/m/it/10 sult
 []


Overfull \hbox (7.66663pt too wide) in paragraph at lines 66--72
\OT1/cmr/m/it/10 =
 []


Overfull \hbox (8.17773pt too wide) in paragraph at lines 66--72
\OT1/cmr/m/it/10 0;
 []


Overfull \hbox (12.39436pt too wide) in paragraph at lines 66--72
\OT1/cmr/m/it/10 for
 []


Overfull \hbox (18.91096pt too wide) in paragraph at lines 66--72
\OT1/cmr/m/it/10 each
 []


Overfull \hbox (4.59996pt too wide) in paragraph at lines 66--72
\OT1/cmr/m/it/10 v
 []


Overfull \hbox (8.68884pt too wide) in paragraph at lines 66--72
\OT1/cmr/m/it/10 in
 []


Overfull \hbox (15.84433pt too wide) in paragraph at lines 66--72
\OT1/cmr/m/it/10 val-
 []


Overfull \hbox (17.12212pt too wide) in paragraph at lines 66--72
\OT1/cmr/m/it/10 ues:
 []


Overfull \hbox (11.88321pt too wide) in paragraph at lines 66--72
\OT1/cmr/m/it/10 re-
 []


Overfull \hbox (15.33324pt too wide) in paragraph at lines 66--72
\OT1/cmr/m/it/10 sult
 []


Overfull \hbox (15.33325pt too wide) in paragraph at lines 66--72
\OT1/cmr/m/it/10 +=
 []


Overfull \hbox (19.68875pt too wide) in paragraph at lines 66--72
\OT1/cmr/m/it/10 Par-
 []


Overfull \hbox (37.33308pt too wide) in paragraph at lines 66--72
\OT1/cmr/m/it/10 seInt(v); 
 []


! LaTeX Error: Missing \begin{document}.

See the LaTeX manual or LaTeX Companion for explanation.
Type  H <return>  for immediate help.
 ...                                              
                                                  
l.73 E
      mit(AsString(result))
You're in trouble here.  Try typing  <return>  to proceed.
If that doesn't work, type  X <return>  to quit.


! LaTeX Error: \begin{document} ended by \end{lstlisting}.

See the LaTeX manual or LaTeX Companion for explanation.
Type  H <return>  for immediate help.
 ...                                              
                                                  
l.74 \end{lstlisting}
                     
Your command was ignored.
Type  I <command> <return>  to replace it with another command,
or  <return>  to continue without it.


Overfull \hbox (119.31601pt too wide) in paragraph at lines 73--75
[]\OT1/cmr/m/it/10 Emit(AsString(result))
 []


! LaTeX Error: Missing \begin{document}.

See the LaTeX manual or LaTeX Companion for explanation.
Type  H <return>  for immediate help.
 ...                                              
                                                  
l.76 S
      ed id lorem. Proin gravida bibendum lacus. Sed molestie, urna quis
You're in trouble here.  Try typing  <return>  to proceed.
If that doesn't work, type  X <return>  to quit.


Overfull \hbox (34.82211pt too wide) in paragraph at lines 76--86
[]\OT1/cmr/m/it/10 Sed
 []


Overfull \hbox (8.17773pt too wide) in paragraph at lines 76--86
\OT1/cmr/m/it/10 id
 []


Overfull \hbox (27.21648pt too wide) in paragraph at lines 76--86
\OT1/cmr/m/it/10 lorem.
 []


Overfull \hbox (24.28873pt too wide) in paragraph at lines 76--86
\OT1/cmr/m/it/10 Proin
 []


Overfull \hbox (31.30533pt too wide) in paragraph at lines 76--86
\OT1/cmr/m/it/10 gravida
 []


Overfull \hbox (25.55534pt too wide) in paragraph at lines 76--86
\OT1/cmr/m/it/10 biben-
 []


Overfull \hbox (18.65546pt too wide) in paragraph at lines 76--86
\OT1/cmr/m/it/10 dum
 []


Overfull \hbox (11.24437pt too wide) in paragraph at lines 76--86
\OT1/cmr/m/it/10 la-
 []


Overfull \hbox (17.12212pt too wide) in paragraph at lines 76--86
\OT1/cmr/m/it/10 cus.
 []


Overfull \hbox (14.82211pt too wide) in paragraph at lines 76--86
\OT1/cmr/m/it/10 Sed
 []


Overfull \hbox (16.86656pt too wide) in paragraph at lines 76--86
\OT1/cmr/m/it/10 mo-
 []


Overfull \hbox (25.29982pt too wide) in paragraph at lines 76--86
\OT1/cmr/m/it/10 lestie,
 []


Overfull \hbox (20.31654pt too wide) in paragraph at lines 76--86
\OT1/cmr/m/it/10 urna
 []


Overfull \hbox (17.12212pt too wide) in paragraph at lines 76--86
\OT1/cmr/m/it/10 quis
 []


Overfull \hbox (13.54434pt too wide) in paragraph at lines 76--86
\OT1/cmr/m/it/10 eu-
 []


Overfull \hbox (10.73326pt too wide) in paragraph at lines 76--86
\OT1/cmr/m/it/10 is-
 []


Overfull \hbox (17.88878pt too wide) in paragraph at lines 76--86
\OT1/cmr/m/it/10 mod
 []


Overfull \hbox (31.56085pt too wide) in paragraph at lines 76--86
\OT1/cmr/m/it/10 laoreet,
 []


Overfull \hbox (21.46655pt too wide) in paragraph at lines 76--86
\OT1/cmr/m/it/10 diam
 []


Overfull \hbox (13.79991pt too wide) in paragraph at lines 76--86
\OT1/cmr/m/it/10 do-
 []


Overfull \hbox (11.88326pt too wide) in paragraph at lines 76--86
\OT1/cmr/m/it/10 lor
 []


Overfull \hbox (16.35544pt too wide) in paragraph at lines 76--86
\OT1/cmr/m/it/10 dic-
 []


Overfull \hbox (16.86656pt too wide) in paragraph at lines 76--86
\OT1/cmr/m/it/10 tum
 []


Overfull \hbox (24.5332pt too wide) in paragraph at lines 76--86
\OT1/cmr/m/it/10 diam,
 []


Overfull \hbox (11.24435pt too wide) in paragraph at lines 76--86
\OT1/cmr/m/it/10 vi-
 []


Overfull \hbox (13.03323pt too wide) in paragraph at lines 76--86
\OT1/cmr/m/it/10 tae
 []


Overfull \hbox (18.39986pt too wide) in paragraph at lines 76--86
\OT1/cmr/m/it/10 con-
 []


Overfull \hbox (38.20523pt too wide) in paragraph at lines 76--86
\OT1/cmr/m/it/10 sectetuer
 []


Overfull \hbox (11.75546pt too wide) in paragraph at lines 76--86
\OT1/cmr/m/it/10 leo
 []


Overfull \hbox (11.75548pt too wide) in paragraph at lines 76--86
\OT1/cmr/m/it/10 ip-
 []


Overfull \hbox (17.63324pt too wide) in paragraph at lines 76--86
\OT1/cmr/m/it/10 sum
 []


Overfull \hbox (8.17773pt too wide) in paragraph at lines 76--86
\OT1/cmr/m/it/10 id
 []


Overfull \hbox (21.72208pt too wide) in paragraph at lines 76--86
\OT1/cmr/m/it/10 ante.
 []


Overfull \hbox (13.05547pt too wide) in paragraph at lines 76--86
\OT1/cmr/m/it/10 In-
 []


Overfull \hbox (11.4999pt too wide) in paragraph at lines 76--86
\OT1/cmr/m/it/10 te-
 []


Overfull \hbox (13.41655pt too wide) in paragraph at lines 76--86
\OT1/cmr/m/it/10 ger
 []


Overfull \hbox (9.9666pt too wide) in paragraph at lines 76--86
\OT1/cmr/m/it/10 eu
 []


Overfull \hbox (14.82208pt too wide) in paragraph at lines 76--86
\OT1/cmr/m/it/10 lec-
 []


Overfull \hbox (12.7777pt too wide) in paragraph at lines 76--86
\OT1/cmr/m/it/10 tus
 []


Overfull \hbox (16.35547pt too wide) in paragraph at lines 76--86
\OT1/cmr/m/it/10 non
 []


Overfull \hbox (22.2332pt too wide) in paragraph at lines 76--86
\OT1/cmr/m/it/10 mau-
 []


Overfull \hbox (11.37215pt too wide) in paragraph at lines 76--86
\OT1/cmr/m/it/10 ris
 []


Overfull \hbox (27.21646pt too wide) in paragraph at lines 76--86
\OT1/cmr/m/it/10 phare-
 []


Overfull \hbox (12.13878pt too wide) in paragraph at lines 76--86
\OT1/cmr/m/it/10 tra
 []


Overfull \hbox (32.9664pt too wide) in paragraph at lines 76--86
\OT1/cmr/m/it/10 viverra.
 []


Overfull \hbox (9.47772pt too wide) in paragraph at lines 76--86
\OT1/cmr/m/it/10 In
 []


Overfull \hbox (16.611pt too wide) in paragraph at lines 76--86
\OT1/cmr/m/it/10 feu-
 []


Overfull \hbox (16.09988pt too wide) in paragraph at lines 76--86
\OT1/cmr/m/it/10 giat
 []


Overfull \hbox (23.12758pt too wide) in paragraph at lines 76--86
\OT1/cmr/m/it/10 libero
 []


Overfull \hbox (8.68883pt too wide) in paragraph at lines 76--86
\OT1/cmr/m/it/10 ut
 []


Overfull \hbox (29.64429pt too wide) in paragraph at lines 76--86
\OT1/cmr/m/it/10 massa.
 []


Overfull \hbox (25.96094pt too wide) in paragraph at lines 76--86
\OT1/cmr/m/it/10 Morbi
 []


Overfull \hbox (17.76097pt too wide) in paragraph at lines 76--86
\OT1/cmr/m/it/10 cur-
 []


Overfull \hbox (16.61102pt too wide) in paragraph at lines 76--86
\OT1/cmr/m/it/10 sus,
 []


Overfull \hbox (24.14983pt too wide) in paragraph at lines 76--86
\OT1/cmr/m/it/10 lorem
 []


Overfull \hbox (15.33324pt too wide) in paragraph at lines 76--86
\OT1/cmr/m/it/10 sol-
 []


Overfull \hbox (13.7999pt too wide) in paragraph at lines 76--86
\OT1/cmr/m/it/10 lic-
 []


Overfull \hbox (6.6444pt too wide) in paragraph at lines 76--86
\OT1/cmr/m/it/10 i-
 []


Overfull \hbox (22.48875pt too wide) in paragraph at lines 76--86
\OT1/cmr/m/it/10 tudin
 []


Overfull \hbox (21.46652pt too wide) in paragraph at lines 76--86
\OT1/cmr/m/it/10 blan-
 []


Overfull \hbox (11.49992pt too wide) in paragraph at lines 76--86
\OT1/cmr/m/it/10 dit
 []


Overfull \hbox (20.4443pt too wide) in paragraph at lines 76--86
\OT1/cmr/m/it/10 sem-
 []


Overfull \hbox (16.4832pt too wide) in paragraph at lines 76--86
\OT1/cmr/m/it/10 per,
 []


Overfull \hbox (11.24435pt too wide) in paragraph at lines 76--86
\OT1/cmr/m/it/10 fe-
 []


Overfull \hbox (9.71106pt too wide) in paragraph at lines 76--86
\OT1/cmr/m/it/10 lis
 []


Overfull \hbox (28.62206pt too wide) in paragraph at lines 76--86
\OT1/cmr/m/it/10 magna
 []


Overfull \hbox (15.3332pt too wide) in paragraph at lines 76--86
\OT1/cmr/m/it/10 pel-
 []


Overfull \hbox (16.35544pt too wide) in paragraph at lines 76--86
\OT1/cmr/m/it/10 len-
 []


Overfull \hbox (26.57758pt too wide) in paragraph at lines 76--86
\OT1/cmr/m/it/10 tesque
 []


Overfull \hbox (11.24437pt too wide) in paragraph at lines 76--86
\OT1/cmr/m/it/10 la-
 []


Overfull \hbox (17.12212pt too wide) in paragraph at lines 76--86
\OT1/cmr/m/it/10 cus,
 []


Overfull \hbox (8.68883pt too wide) in paragraph at lines 76--86
\OT1/cmr/m/it/10 ut
 []


Overfull \hbox (23.63873pt too wide) in paragraph at lines 76--86
\OT1/cmr/m/it/10 rhon-
 []


Overfull \hbox (14.05547pt too wide) in paragraph at lines 76--86
\OT1/cmr/m/it/10 cus
 []


Overfull \hbox (11.75546pt too wide) in paragraph at lines 76--86
\OT1/cmr/m/it/10 leo
 []


Overfull \hbox (24.27759pt too wide) in paragraph at lines 76--86
\OT1/cmr/m/it/10 neque
 []


Overfull \hbox (8.43327pt too wide) in paragraph at lines 76--86
\OT1/cmr/m/it/10 at
 []


Overfull \hbox (14.05544pt too wide) in paragraph at lines 76--86
\OT1/cmr/m/it/10 tel-
 []


Overfull \hbox (15.0777pt too wide) in paragraph at lines 76--86
\OT1/cmr/m/it/10 lus.
 []


Overfull \hbox (14.82211pt too wide) in paragraph at lines 76--86
\OT1/cmr/m/it/10 Sed
 []


Overfull \hbox (20.18875pt too wide) in paragraph at lines 76--86
\OT1/cmr/m/it/10 mat-
 []


Overfull \hbox (13.54436pt too wide) in paragraph at lines 76--86
\OT1/cmr/m/it/10 tis,
 []


Overfull \hbox (21.46655pt too wide) in paragraph at lines 76--86
\OT1/cmr/m/it/10 diam
 []


Overfull \hbox (16.61095pt too wide) in paragraph at lines 76--86
\OT1/cmr/m/it/10 eget
 []


Overfull \hbox (33.222pt too wide) in paragraph at lines 76--86
\OT1/cmr/m/it/10 eleifend
 []


Overfull \hbox (15.58878pt too wide) in paragraph at lines 76--86
\OT1/cmr/m/it/10 tin-
 []


Overfull \hbox (30.15536pt too wide) in paragraph at lines 76--86
\OT1/cmr/m/it/10 cidunt,
 []


Overfull \hbox (23.25542pt too wide) in paragraph at lines 76--86
\OT1/cmr/m/it/10 ligula
 []


Overfull \hbox (17.50542pt too wide) in paragraph at lines 76--86
\OT1/cmr/m/it/10 eros
 []


Overfull \hbox (15.58878pt too wide) in paragraph at lines 76--86
\OT1/cmr/m/it/10 tin-
 []


Overfull \hbox (27.08871pt too wide) in paragraph at lines 76--86
\OT1/cmr/m/it/10 cidunt
 []


Overfull \hbox (24.5332pt too wide) in paragraph at lines 76--86
\OT1/cmr/m/it/10 diam,
 []


Overfull \hbox (11.24435pt too wide) in paragraph at lines 76--86
\OT1/cmr/m/it/10 vi-
 []


Overfull \hbox (13.03323pt too wide) in paragraph at lines 76--86
\OT1/cmr/m/it/10 tae
 []


Overfull \hbox (18.65543pt too wide) in paragraph at lines 76--86
\OT1/cmr/m/it/10 auc-
 []


Overfull \hbox (12.6499pt too wide) in paragraph at lines 76--86
\OT1/cmr/m/it/10 tor
 []


Overfull \hbox (25.17206pt too wide) in paragraph at lines 76--86
\OT1/cmr/m/it/10 turpis
 []


Overfull \hbox (12.01102pt too wide) in paragraph at lines 76--86
\OT1/cmr/m/it/10 est
 []


Overfull \hbox (11.75546pt too wide) in paragraph at lines 76--86
\OT1/cmr/m/it/10 vel
 []


Overfull \hbox (24.27763pt too wide) in paragraph at lines 76--86
\OT1/cmr/m/it/10 nunc.
 []


Overfull \hbox (9.47772pt too wide) in paragraph at lines 76--86
\OT1/cmr/m/it/10 In
 []


Overfull \hbox (9.9666pt too wide) in paragraph at lines 76--86
\OT1/cmr/m/it/10 eu
 []


Overfull \hbox (31.6887pt too wide) in paragraph at lines 76--86
\OT1/cmr/m/it/10 magna.
 []


Overfull \hbox (26.97202pt too wide) in paragraph at lines 76--86
\OT1/cmr/m/it/10 Donec
 []


Overfull \hbox (13.79991pt too wide) in paragraph at lines 76--86
\OT1/cmr/m/it/10 do-
 []


Overfull \hbox (11.88326pt too wide) in paragraph at lines 76--86
\OT1/cmr/m/it/10 lor
 []


Overfull \hbox (16.35544pt too wide) in paragraph at lines 76--86
\OT1/cmr/m/it/10 me-
 []


Overfull \hbox (15.84435pt too wide) in paragraph at lines 76--86
\OT1/cmr/m/it/10 tus,
 []


Overfull \hbox (20.95537pt too wide) in paragraph at lines 76--86
\OT1/cmr/m/it/10 eges-
 []


Overfull \hbox (12.52214pt too wide) in paragraph at lines 76--86
\OT1/cmr/m/it/10 tas
 []


Overfull \hbox (10.4777pt too wide) in paragraph at lines 76--86
\OT1/cmr/m/it/10 sit
 []


Overfull \hbox (24.27762pt too wide) in paragraph at lines 76--86
\OT1/cmr/m/it/10 amet,
 []


Overfull \hbox (11.49992pt too wide) in paragraph at lines 76--86
\OT1/cmr/m/it/10 ul-
 []


Overfull \hbox (14.18321pt too wide) in paragraph at lines 76--86
\OT1/cmr/m/it/10 tri-
 []


Overfull \hbox (12.77766pt too wide) in paragraph at lines 76--86
\OT1/cmr/m/it/10 ces
 []


Overfull \hbox (11.7555pt too wide) in paragraph at lines 76--86
\OT1/cmr/m/it/10 in,
 []


Overfull \hbox (17.12212pt too wide) in paragraph at lines 76--86
\OT1/cmr/m/it/10 fau-
 []


Overfull \hbox (21.72208pt too wide) in paragraph at lines 76--86
\OT1/cmr/m/it/10 cibus
 []


Overfull \hbox (16.35544pt too wide) in paragraph at lines 76--86
\OT1/cmr/m/it/10 sed,
 []


Overfull \hbox (14.82208pt too wide) in paragraph at lines 76--86
\OT1/cmr/m/it/10 lec-
 []


Overfull \hbox (15.84435pt too wide) in paragraph at lines 76--86
\OT1/cmr/m/it/10 tus.
 []


Overfull \hbox (26.46095pt too wide) in paragraph at lines 76--86
\OT1/cmr/m/it/10 Etiam
 []


Overfull \hbox (12.01102pt too wide) in paragraph at lines 76--86
\OT1/cmr/m/it/10 est
 []


Overfull \hbox (24.53319pt too wide) in paragraph at lines 76--86
\OT1/cmr/m/it/10 enim,
 []


Overfull \hbox (12.77766pt too wide) in paragraph at lines 76--86
\OT1/cmr/m/it/10 ve-
 []


Overfull \hbox (16.35544pt too wide) in paragraph at lines 76--86
\OT1/cmr/m/it/10 hic-
 []


Overfull \hbox (13.03326pt too wide) in paragraph at lines 76--86
\OT1/cmr/m/it/10 ula
 []


Overfull \hbox (27.21646pt too wide) in paragraph at lines 76--86
\OT1/cmr/m/it/10 phare-
 []


Overfull \hbox (15.20543pt too wide) in paragraph at lines 76--86
\OT1/cmr/m/it/10 tra,
 []


Overfull \hbox (22.36095pt too wide) in paragraph at lines 76--86
\OT1/cmr/m/it/10 porta
 []


Overfull \hbox (19.42212pt too wide) in paragraph at lines 76--86
\OT1/cmr/m/it/10 non,
 []


Overfull \hbox (29.89975pt too wide) in paragraph at lines 76--86
\OT1/cmr/m/it/10 viverra
 []


Overfull \hbox (14.82211pt too wide) in paragraph at lines 76--86
\OT1/cmr/m/it/10 vel,
 []


Overfull \hbox (24.27763pt too wide) in paragraph at lines 76--86
\OT1/cmr/m/it/10 nunc.
 []


Overfull \hbox (10.75548pt too wide) in paragraph at lines 76--86
\OT1/cmr/m/it/10 Ut
 []


Overfull \hbox (16.35547pt too wide) in paragraph at lines 76--86
\OT1/cmr/m/it/10 non
 []


Overfull \hbox (19.93321pt too wide) in paragraph at lines 76--86
\OT1/cmr/m/it/10 sem.
 []


Overfull \hbox (26.46095pt too wide) in paragraph at lines 76--86
\OT1/cmr/m/it/10 Etiam
 []


Overfull \hbox (14.31099pt too wide) in paragraph at lines 76--86
\OT1/cmr/m/it/10 nec
 []


Overfull \hbox (27.34424pt too wide) in paragraph at lines 76--86
\OT1/cmr/m/it/10 neque. 
 []

! Undefined control sequence.
l.87 \section
             {Resumo ou Conclus√µes}
The control sequence at the end of the top line
of your error message was never \def'ed. If you have
misspelled it (e.g., `\hobx'), type `I' and the correct
spelling (e.g., `I\hbox'). Otherwise just continue,
and I'll forget about whatever was undefined.


! LaTeX Error: Missing \begin{document}.

See the LaTeX manual or LaTeX Companion for explanation.
Type  H <return>  for immediate help.
 ...                                              
                                                  
l.87 \section{R
               esumo ou Conclus√µes}
You're in trouble here.  Try typing  <return>  to proceed.
If that doesn't work, type  X <return>  to quit.

Missing character: There is no √ in font cmti10!
Missing character: There is no µ in font cmti10!

Overfull \hbox (54.12756pt too wide) in paragraph at lines 87--88
[]\OT1/cmr/m/it/10 Resumo
 []


Overfull \hbox (10.47772pt too wide) in paragraph at lines 87--88
\OT1/cmr/m/it/10 ou
 []


Overfull \hbox (21.46652pt too wide) in paragraph at lines 87--88
\OT1/cmr/m/it/10 Con-
 []


Overfull \hbox (25.29984pt too wide) in paragraph at lines 87--88
\OT1/cmr/m/it/10 cluses 
 []


! LaTeX Error: Missing \begin{document}.

See the LaTeX manual or LaTeX Companion for explanation.
Type  H <return>  for immediate help.
 ...                                              
                                                  
l.89 P
      roin vehicula pharetra urna. Aliquam egestas
You're in trouble here.  Try typing  <return>  to proceed.
If that doesn't work, type  X <return>  to quit.

)
*
! Emergency stop.
<*> ...TemplRelatLaTex (2)/MscReport/chapter4.tex"
                                                  
End of file on the terminal!

 
Here is how much of TeX's memory you used:
 14 strings out of 493323
 374 string characters out of 3139057
 69648 words of memory out of 3000000
 3649 multiletter control sequences out of 15000+200000
 3986 words of font info for 15 fonts, out of 3000000 for 9000
 1141 hyphenation exceptions out of 8191
 18i,4n,14p,218b,91s stack positions out of 5000i,500n,10000p,200000b,50000s
!  ==> Fatal error occurred, no output PDF file produced!
