\BOOKMARK [0][-]{init.0}{Front Page}{}% 1
\BOOKMARK [0][-]{contents.0}{Table of Contents}{}% 2
\BOOKMARK [0][-]{figures.0}{List of Figures}{}% 3
\BOOKMARK [0][-]{tables.0}{List of Tables}{}% 4
\BOOKMARK [0][-]{chapter.1}{1 Introduction}{}% 5
\BOOKMARK [1][-]{section.1.1}{1.1 Context}{chapter.1}% 6
\BOOKMARK [1][-]{section.1.2}{1.2 Project}{chapter.1}% 7
\BOOKMARK [1][-]{section.1.3}{1.3 Aim and Goals}{chapter.1}% 8
\BOOKMARK [1][-]{section.1.4}{1.4 Dissertation Structure}{chapter.1}% 9
\BOOKMARK [0][-]{chapter.2}{2 Computer Vision and Traffic Analysis - A literature review}{}% 10
\BOOKMARK [1][-]{section.2.1}{2.1 History of Computer Vision}{chapter.2}% 11
\BOOKMARK [2][-]{subsection.2.1.1}{2.1.1 Computer Vision in Intelligent Transport Systems}{section.2.1}% 12
\BOOKMARK [2][-]{subsection.2.1.2}{2.1.2 Our Challenge}{section.2.1}% 13
\BOOKMARK [1][-]{section.2.2}{2.2 Image Treatment}{chapter.2}% 14
\BOOKMARK [2][-]{subsection.2.2.1}{2.2.1 Blur}{section.2.2}% 15
\BOOKMARK [2][-]{subsection.2.2.2}{2.2.2 Mathematical Morphology}{section.2.2}% 16
\BOOKMARK [2][-]{subsection.2.2.3}{2.2.3 Shadow Removal}{section.2.2}% 17
\BOOKMARK [1][-]{section.2.3}{2.3 Foreground Segmentation}{chapter.2}% 18
\BOOKMARK [2][-]{subsection.2.3.1}{2.3.1 Background Subtraction}{section.2.3}% 19
\BOOKMARK [2][-]{subsection.2.3.2}{2.3.2 Feature Tracking}{section.2.3}% 20
\BOOKMARK [2][-]{subsection.2.3.3}{2.3.3 Edge Detection}{section.2.3}% 21
\BOOKMARK [2][-]{subsection.2.3.4}{2.3.4 Object Based}{section.2.3}% 22
\BOOKMARK [1][-]{section.2.4}{2.4 Object Detection}{chapter.2}% 23
\BOOKMARK [2][-]{subsection.2.4.1}{2.4.1 Connected Component Labelling}{section.2.4}% 24
\BOOKMARK [2][-]{subsection.2.4.2}{2.4.2 Convex Hull}{section.2.4}% 25
\BOOKMARK [1][-]{section.2.5}{2.5 Object Classification}{chapter.2}% 26
\BOOKMARK [2][-]{subsection.2.5.1}{2.5.1 Bounding Box Ratio Method}{section.2.5}% 27
\BOOKMARK [2][-]{subsection.2.5.2}{2.5.2 Feature Clustering Method}{section.2.5}% 28
\BOOKMARK [2][-]{subsection.2.5.3}{2.5.3 Artificial Neural Network with Histogram of Gradients}{section.2.5}% 29
\BOOKMARK [1][-]{section.2.6}{2.6 Fuzzy Sets}{chapter.2}% 30
\BOOKMARK [1][-]{section.2.7}{2.7 Traffic Analysis}{chapter.2}% 31
\BOOKMARK [2][-]{subsection.2.7.1}{2.7.1 Highway Scenarios}{section.2.7}% 32
\BOOKMARK [2][-]{subsection.2.7.2}{2.7.2 Urban Scenarios}{section.2.7}% 33
\BOOKMARK [1][-]{section.2.8}{2.8 Summary}{chapter.2}% 34
\BOOKMARK [0][-]{chapter.3}{3 Methodological Approach}{}% 35
\BOOKMARK [1][-]{section.3.1}{3.1 Chosen Technology}{chapter.3}% 36
\BOOKMARK [2][-]{subsection.3.1.1}{3.1.1 OpenCV}{section.3.1}% 37
\BOOKMARK [2][-]{subsection.3.1.2}{3.1.2 JavaCV}{section.3.1}% 38
\BOOKMARK [2][-]{subsection.3.1.3}{3.1.3 FFmpeg}{section.3.1}% 39
\BOOKMARK [1][-]{section.3.2}{3.2 Techniques}{chapter.3}% 40
\BOOKMARK [2][-]{subsection.3.2.1}{3.2.1 Segmentation}{section.3.2}% 41
\BOOKMARK [2][-]{subsection.3.2.2}{3.2.2 Object Detection}{section.3.2}% 42
\BOOKMARK [2][-]{subsection.3.2.3}{3.2.3 Object Tracking}{section.3.2}% 43
\BOOKMARK [2][-]{subsection.3.2.4}{3.2.4 Object Counting}{section.3.2}% 44
\BOOKMARK [2][-]{subsection.3.2.5}{3.2.5 Object Classification}{section.3.2}% 45
\BOOKMARK [2][-]{subsection.3.2.6}{3.2.6 Feature Point Tracking}{section.3.2}% 46
\BOOKMARK [1][-]{section.3.3}{3.3 Summary}{chapter.3}% 47
\BOOKMARK [0][-]{chapter.4}{4 Implementation and Results}{}% 48
\BOOKMARK [1][-]{section.4.1}{4.1 Architecture}{chapter.4}% 49
\BOOKMARK [1][-]{section.4.2}{4.2 Results}{chapter.4}% 50
\BOOKMARK [2][-]{subsection.4.2.1}{4.2.1 Set-up 1}{section.4.2}% 51
\BOOKMARK [2][-]{subsection.4.2.2}{4.2.2 Set-up 2}{section.4.2}% 52
\BOOKMARK [2][-]{subsection.4.2.3}{4.2.3 Set-up 3}{section.4.2}% 53
\BOOKMARK [2][-]{subsection.4.2.4}{4.2.4 Set-up 4}{section.4.2}% 54
\BOOKMARK [2][-]{subsection.4.2.5}{4.2.5 Discussion}{section.4.2}% 55
\BOOKMARK [1][-]{section.4.3}{4.3 Summary}{chapter.4}% 56
\BOOKMARK [0][-]{chapter.5}{5 Conclusions and Future Work}{}% 57
\BOOKMARK [1][-]{section.5.1}{5.1 Contributions}{chapter.5}% 58
\BOOKMARK [1][-]{section.5.2}{5.2 Objective Completion}{chapter.5}% 59
\BOOKMARK [1][-]{section.5.3}{5.3 Publications}{chapter.5}% 60
\BOOKMARK [1][-]{section.5.4}{5.4 Future Work}{chapter.5}% 61
\BOOKMARK [0][-]{section*.36}{References}{}% 62
